INFO - __main__ (20:30:16.280) - MainThread (15848):
Starting NVDA version 2025.1.2 x86
INFO - core.main (20:30:16.345) - MainThread (15848):
Config dir: C:\Users\User\AppData\Roaming\nvda
INFO - config.ConfigManager._loadConfig (20:30:16.349) - MainThread (15848):
Loading config: C:\Users\User\AppData\Roaming\nvda\nvda.ini
INFO - core.main (20:30:17.153) - MainThread (15848):
Windows version: Windows 10 22H2 (10.0.19045) workstation AMD64
INFO - core.main (20:30:17.153) - MainThread (15848):
Using Python version 3.11.9 (tags/v3.11.9:de54cf5, Apr  2 2024, 10:00:00) [MSC v.1938 32 bit (Intel)]
INFO - core.main (20:30:17.153) - MainThread (15848):
Using comtypes version 1.4.6
INFO - core.main (20:30:17.157) - MainThread (15848):
Using configobj version 5.1.0 with validate version 1.0.1
INFO - NVDAHelperLocal (20:30:17.402) - MainThread (15848):
Thread 15848, build\x86\localWin10\oneCoreSpeech.cpp, ocSpeech_initialize, 215:
ocSpeech_initialize

INFO - NVDAHelperLocal (20:30:17.402) - MainThread (15848):
Thread 15848, build\x86\localWin10\oneCoreSpeech.cpp, OcSpeechState::activate, 89:
Activating

INFO - NVDAHelperLocal (20:30:17.446) - MainThread (15848):
Thread 15848, build\x86\localWin10\oneCoreSpeech.cpp, preventEndUtteranceSilence_, 443:
AppendedSilence supported

INFO - synthDriverHandler.setSynth (20:30:17.454) - MainThread (15848):
Loaded synthDriver oneCore
WARNING - mathPres.initialize (20:30:17.461) - MainThread (15848):
MathPlayer 4 not available
INFO - core._setUpWxApp (20:30:17.461) - MainThread (15848):
Using wx version 4.2.2 msw (phoenix) wxWidgets 3.2.6 with six version 1.17.0
INFO - brailleInput.initialize (20:30:17.461) - MainThread (15848):
Braille input initialized
INFO - braille.initialize (20:30:17.461) - MainThread (15848):
Using liblouis version 3.33.0
INFO - braille.initialize (20:30:17.461) - MainThread (15848):
Using pySerial version 3.5
INFO - braille.BrailleHandler._setDisplay (20:30:17.464) - MainThread (15848):
Loaded braille display driver 'noBraille', current display has 0 cells.
DEBUGWARNING - hwPortUtils.listUsbDevices (20:30:17.464) - ThreadPoolExecutor-0_0 (12524):
Couldn't get DEVPKEY_Device_BusReportedDeviceDesc for {'hardwareID': 'USB\\VID_8087&PID_0032&REV_0000', 'usbID': 'VID_8087&PID_0032', 'devicePath': '\\\\?\\usb#vid_8087&pid_0032#5&1e7d8db7&0&10#{a5dcbf10-6530-11d2-901f-00c04fb951ed}'}: [WinError 1168] Az elem nem található.
INFO - core.main (20:30:17.653) - MainThread (15848):
Java Access Bridge support initialized
INFO - UIAHandler.UIAHandler.MTAThreadFunc (20:30:17.745) - UIAHandler.UIAHandler.MTAThread (15384):
UIAutomation: IUIAutomation6
DEBUGWARNING - inputCore.InputManager.loadUserGestureMap (20:30:17.866) - MainThread (15848):
No user gesture map
DEBUGWARNING - touchHandler.touchSupported (20:30:17.886) - MainThread (15848):
No touch devices found
ERROR - globalPluginHandler.listPlugins (20:30:17.890) - MainThread (15848):
Error importing global plugin papaVoiceReader
Traceback (most recent call last):
  File "globalPluginHandler.pyc", line 23, in listPlugins
  File "importlib\__init__.pyc", line 126, in import_module
  File "<frozen importlib._bootstrap>", line 1204, in _gcd_import
  File "<frozen importlib._bootstrap>", line 1176, in _find_and_load
  File "<frozen importlib._bootstrap>", line 1147, in _find_and_load_unlocked
  File "<frozen importlib._bootstrap>", line 690, in _load_unlocked
  File "<frozen importlib._bootstrap_external>", line 940, in exec_module
  File "<frozen importlib._bootstrap>", line 241, in _call_with_frames_removed
  File "C:\Users\User\AppData\Roaming\nvda\addons\papaVoiceReader\globalPlugins\papaVoiceReader.py", line 12, in <module>
    from ..papaVoiceReader.extract_content import extract_article_content
ImportError: attempted relative import beyond top-level package
INFO - core.main (20:30:17.894) - MainThread (15848):
NVDA initialized
IO - speech.speech.speak (20:30:18.037) - MainThread (15848):
Speaking [LangChangeCommand ('hu_HU'), 'Üdvözli az NVDA', 'párbeszédpanel', 'Üdvözli az NVDA\nAz NVDA legtöbb billentyűparancsához szükség van az NVDA gomb nyomvatartására is.\nAlapértelmezés szerint az Insert és a numerikus Insert gombok egyaránt használhatók NVDA gombként.\nDe a Caps Lock billentyűt is beállíthatja NVDA gombként.\nAz NVDA+n billentyűparanccsal bárhonnan elérheti az NVDA menüjét.\nEbben a menüben elérheti az NVDA beállításait és egyéb funkcióit.', CancellableSpeech (still valid)]
DEBUGWARNING - characterProcessing._getSpeechSymbolsForLocale (20:30:18.041) - MainThread (15848):
Error loading 'cldr' symbols for locale 'hu_HU'
Traceback (most recent call last):
  File "characterProcessing.pyc", line 421, in _getSpeechSymbolsForLocale
  File "characterProcessing.pyc", line 825, in getSymbols
  File "characterProcessing.pyc", line 68, in fetchLocaleData
  File "characterProcessing.pyc", line 833, in _initSymbols
FileNotFoundError: No 'cldr' data for locale 'hu_HU'
DEBUGWARNING - characterProcessing._getSpeechSymbolsForLocale (20:30:18.045) - MainThread (15848):
Error loading 'builtin' symbols for locale 'hu_HU'
Traceback (most recent call last):
  File "characterProcessing.pyc", line 421, in _getSpeechSymbolsForLocale
  File "characterProcessing.pyc", line 825, in getSymbols
  File "characterProcessing.pyc", line 68, in fetchLocaleData
  File "characterProcessing.pyc", line 833, in _initSymbols
FileNotFoundError: No 'builtin' data for locale 'hu_HU'
IO - speech.speech.speak (20:30:18.142) - MainThread (15848):
Speaking [LangChangeCommand ('hu_HU'), 'Beállítások', 'elemcsoport', CancellableSpeech (still valid)]
IO - speech.speech.speak (20:30:18.142) - MainThread (15848):
Speaking [LangChangeCommand ('hu_HU'), 'Billentyűzetkiosztás:', 'kombinált listamező', 'Asztali', 'Zárva', 'Alt+', CharacterModeCommand(True), 'b', CharacterModeCommand(False), CancellableSpeech (still valid)]
IO - speech.speech.speak (20:30:18.563) - MainThread (15848):
Speaking [LangChangeCommand ('hu_HU'), 'Üdvözli az NVDA']
IO - speech.speech.speak (20:30:18.605) - MainThread (15848):
Speaking [LangChangeCommand ('hu_HU'), 'Üdvözli az NVDA Üdvözli az NVDA\nAz NVDA legtöbb billentyűparancsához szükség van az NVDA gomb nyomvatartására is.\nAlapértelmezés szerint az Insert és a numerikus Insert gombok egyaránt használhatók NVDA gombként.\nDe a Caps Lock billentyűt is beállíthatja NVDA gombként.\nAz NVDA+n billentyűparanccsal bárhonnan elérheti az NVDA menüjét.\nEbben a menüben elérheti az NVDA beállításait és egyéb funkcióit.']
IO - speech.speech.speak (20:30:18.641) - MainThread (15848):
Speaking [LangChangeCommand ('hu_HU'), 'Az NVDA legtöbb billentyűparancsához szükség van az NVDA gomb nyomvatartására is.\nAlapértelmezés szerint az Insert és a numerikus Insert gombok egyaránt használhatók NVDA gombként.\nDe a Caps Lock billentyűt is beállíthatja NVDA gombként.\nAz NVDA+n billentyűparanccsal bárhonnan elérheti az NVDA menüjét.\nEbben a menüben elérheti az NVDA beállításait és egyéb funkcióit.']
IO - speech.speech.speak (20:30:18.687) - MainThread (15848):
Speaking [LangChangeCommand ('hu_HU'), 'Üdvözli az NVDA Üdvözli az NVDA\nAz NVDA legtöbb billentyűparancsához szükség van az NVDA gomb nyomvatartására is.\nAlapértelmezés szerint az Insert és a numerikus Insert gombok egyaránt használhatók NVDA gombként.\nDe a Caps Lock billentyűt is beállíthatja NVDA gombként.\nAz NVDA+n billentyűparanccsal bárhonnan elérheti az NVDA menüjét.\nEbben a menüben elérheti az NVDA beállításait és egyéb funkcióit.']
IO - speech.speech.speak (20:30:18.711) - MainThread (15848):
Speaking [LangChangeCommand ('hu_HU'), 'Beállítások']
IO - speech.speech.speak (20:30:18.900) - MainThread (15848):
Speaking [LangChangeCommand ('hu_HU'), 'Üdvözli az NVDA Üdvözli az NVDA\nAz NVDA legtöbb billentyűparancsához szükség van az NVDA gomb nyomvatartására is.\nAlapértelmezés szerint az Insert és a numerikus Insert gombok egyaránt használhatók NVDA gombként.\nDe a Caps Lock billentyűt is beállíthatja NVDA gombként.\nAz NVDA+n billentyűparanccsal bárhonnan elérheti az NVDA menüjét.\nEbben a menüben elérheti az NVDA beállításait és egyéb funkcióit.']
IO - speech.speech.speak (20:30:19.296) - MainThread (15848):
Speaking [LangChangeCommand ('hu_HU'), 'Ok']
IO - speech.speech.speak (20:30:19.468) - MainThread (15848):
Speaking [LangChangeCommand ('hu_HU'), 'Ok', 'gomb', 'lenyomva', CancellableSpeech (still valid)]
INFO - config.ConfigManager.save (20:30:19.553) - MainThread (15848):
Base configuration saved
IO - speech.speech.speak (20:30:19.602) - MainThread (15848):
Speaking [LangChangeCommand ('hu_HU'), 'papa-voice/papaVoiceReader-1.1.5.nvda-addon at master · d3c1m470r/papa-voice · GitHub – Mozilla Firefox', CancellableSpeech (still valid)]
IO - speech.speech.speak (20:30:19.727) - MainThread (15848):
Speaking [LangChangeCommand ('hu_HU'), 'papa-voice/papaVoiceReader-1.1.5.nvda-addon at master · d3c1m470r/papa-voice · GitHub', 'dokumentum', CancellableSpeech (still valid)]
IO - speech.speech.speak (20:30:19.727) - MainThread (15848):
Speaking [LangChangeCommand ('hu_HU'), 'fő régió jelzőpont', CancellableSpeech (still valid)]
IO - speech.speech.speak (20:30:19.731) - MainThread (15848):
Speaking [LangChangeCommand ('hu_HU'), 'kattintható', 'fő régió jelzőpont', LangChangeCommand ('en'), 'More file actions', LangChangeCommand ('hu_HU'), 'menügomb', 'Zárva', 'almenü']
IO - speech.speech.speak (20:30:19.771) - MainThread (15848):
Speaking [LangChangeCommand ('hu_HU'), 'papa-voice/papaVoiceReader-1.1.5.nvda-addon at master · d3c1m470r/papa-voice · GitHub', CancellableSpeech (still valid)]
IO - speech.speech.speak (20:30:19.779) - MainThread (15848):
Speaking [CallbackCommand(name=say-all:lineReached), LangChangeCommand ('hu_HU'), 'menügomb', 'Zárva', 'almenü', LangChangeCommand ('en'), 'More file actions', CallbackCommand(name=say-all:lineReached)]
IO - speech.speech.speak (20:30:19.779) - MainThread (15848):
Speaking [LangChangeCommand ('hu_HU'), 'címsor', '2. ']
IO - speech.speech.speak (20:30:24.478) - MainThread (15848):
Speaking [LangChangeCommand ('hu_HU'), '(Sorry about that, but we can’t show files that are this big right now.)']
IO - speech.speech.speak (20:30:24.736) - MainThread (15848):
Speaking [LangChangeCommand ('hu_HU'), 'Vezérlőpult']
IO - speech.speech.speak (20:30:24.773) - MainThread (15848):
Speaking [LangChangeCommand ('hu_HU'), 'github.com/d3c1m470r/papa-voice/blob/master/papaVoiceReader-1.1.5.nvda-addon']
IO - speech.speech.speak (20:30:24.806) - MainThread (15848):
Speaking [LangChangeCommand ('hu_HU'), 'Új lap megnyitása (Ctrl+T)']
IO - speech.speech.speak (20:30:24.883) - MainThread (15848):
Speaking [LangChangeCommand ('hu_HU'), 'Lap bezárása']
IO - speech.speech.speak (20:30:24.935) - MainThread (15848):
Speaking [LangChangeCommand ('hu_HU'), '452 millióért vett termőföldet Várkonyi Andrea']
IO - speech.speech.speak (20:30:25.184) - MainThread (15848):
Speaking [LangChangeCommand ('hu_HU'), '452 millióért vett termőföldet Várkonyi Andrea', CancellableSpeech (still valid)]
IO - speech.speech.speak (20:30:25.192) - MainThread (15848):
Speaking [CallbackCommand(name=say-all:lineReached), LangChangeCommand ('hu_HU'), 'Főcím jelzőpont', 'gomb', 'menu', CallbackCommand(name=say-all:lineReached)]
IO - speech.speech.speak (20:30:25.192) - MainThread (15848):
Speaking [LangChangeCommand ('hu_HU'), 'gomb', 'MENÜ', CallbackCommand(name=say-all:lineReached)]
IO - speech.speech.speak (20:30:25.192) - MainThread (15848):
Speaking [LangChangeCommand ('hu_HU'), 'kattintható', 'hivatkozás', 'CSATLAKOZZ A KÖRHÖZ! ']
IO - speech.speech.speak (20:30:25.458) - MainThread (15848):
Speaking [LangChangeCommand ('hu_HU'), 'Július elsején írták alá azt az adásvételi szerződést, melynek alapján Várkonyi Andrea 452,6 millió forintért vásárol szántókat Farkas Amandától, aki Farkas Sándor fideszes ex-államtitkár lánya. Mészáros Lőrinc felesége aranykalászos gazda, ezért tud szántóföldeket vásárolni. Várkonyi a vételárat nem Farkas Amandának, hanem anyjának, Farkasné Márton Katalinnak kell átutalja.']
IO - speech.speech.speak (20:30:26.015) - MainThread (15848):
Speaking [LangChangeCommand ('hu_HU'), 'HIRDETÉS']
IO - speech.speech.speak (20:30:26.043) - MainThread (15848):
Speaking [LangChangeCommand ('hu_HU'), 'Július elsején írták alá azt az adásvételi szerződést, melynek alapján Várkonyi Andrea 452,6 millió forintért vásárol szántókat Farkas Amandától, aki Farkas Sándor fideszes ex-államtitkár lánya. Mészáros Lőrinc felesége aranykalászos gazda, ezért tud szántóföldeket vásárolni. Várkonyi a vételárat nem Farkas Amandának, hanem anyjának, Farkasné Márton Katalinnak kell átutalja.']
IO - speech.speech.speak (20:30:26.083) - MainThread (15848):
Speaking [LangChangeCommand ('hu_HU'), '452 millióért vett termőföldet Várkonyi Andrea']
IO - speech.speech.speak (20:30:27.036) - MainThread (15848):
Speaking [LangChangeCommand ('hu_HU'), '452 millióért vett termőföldet Várkonyi Andrea']
IO - inputCore.InputManager.executeGesture (20:30:27.963) - winInputHook (5784):
Input: kb(desktop):NVDA+a
IO - inputCore.InputManager.executeGesture (20:30:29.634) - winInputHook (5784):
Input: kb(desktop):NVDA+a
IO - inputCore.InputManager.executeGesture (20:30:31.122) - winInputHook (5784):
Input: kb(desktop):NVDA+f1
INFO - globalCommands.script_navigatorObject_devInfo (20:30:31.200) - MainThread (15848):
Developer info for navigator object:
name: '452 millióért vett termőföldet Várkonyi Andrea'
role: DOCUMENT
processID: 6160
roleText: None
states: READONLY, FOCUSABLE, FOCUSED
isFocusable: True
hasFocus: True
Python object: <NVDAObjects.Dynamic_DocumentMozillaIAccessible object at 0x07114330>
Python class mro: (<class 'NVDAObjects.Dynamic_DocumentMozillaIAccessible'>, <class 'NVDAObjects.IAccessible.mozilla.Document'>, <class 'NVDAObjects.IAccessible.ia2Web.Document'>, <class 'NVDAObjects.IAccessible.mozilla.Mozilla'>, <class 'NVDAObjects.IAccessible.ia2Web.Ia2Web'>, <class 'NVDAObjects.IAccessible.IAccessible'>, <class 'NVDAObjects.window.Window'>, <class 'NVDAObjects.NVDAObject'>, <class 'documentBase.TextContainerObject'>, <class 'baseObject.ScriptableObject'>, <class 'baseObject.AutoPropertyObject'>, <class 'garbageHandler.TrackedObject'>, <class 'object'>)
description: ''
location: RectLTWH(left=51, top=157, width=1869, height=883)
value: None
TextInfo: <class 'NVDAObjects.IAccessible.IA2TextTextInfo'>
appModule: AppModule(appModuleHandler, appName='firefox', processID=6160)
appModule.productName: 'Firefox'
appModule.productVersion: '140.0.4'
appModule.helperLocalBindingHandle: c_long(111734328)
appModule.appArchitecture: 'AMD64'
windowHandle: 393826
windowClassName: 'MozillaWindowClass'
windowControlID: 0
windowStyle: 399441920
extendedWindowStyle: 256
windowThreadID: 6268
windowText: '452 millióért vett termőföldet Várkonyi Andrea – Mozilla Firefox'
displayText: ''
IAccessibleObject: <POINTER(IAccessible2) ptr=0x6c29c1c at d6218a0>
IAccessibleChildID: 0
IAccessible event parameters: windowHandle=393826, objectID=-4, childID=-1438
IAccessible accName: '452 millióért vett termőföldet Várkonyi Andrea'
IAccessible accRole: ROLE_SYSTEM_DOCUMENT
IAccessible accState: STATE_SYSTEM_FOCUSED, STATE_SYSTEM_READONLY, STATE_SYSTEM_FOCUSABLE, STATE_SYSTEM_VALID (1048644)
IAccessible accDescription: ''
IAccessible accValue: 'https://444.hu/2025/07/10/452-millioert-vett-termofoldet-varkonyi-andrea'
IAccessible2 windowHandle: 393826
IAccessible2 uniqueID: -1438
IAccessible2 role: ROLE_SYSTEM_DOCUMENT
IAccessible2 states: IA2_STATE_OPAQUE, IA2_STATE_SELECTABLE_TEXT (5120)
IAccessible2 attributes: 'explicit-name:true;tag:body;class:ggy75a1 _11qegjk0 tz81m00 _1p7jm60 _2yen1f0 jm0ewz0 _3h8rke0 _7djmrl0 _8vfv1e0 e19fld0 _1v3xwj00 _704pyz0 p3llho1 _13jj0ut0 _8b6bxc9 _1dy6oyqvr;display:block;'
IAccessible2 relations: nodeChildOf * 1, containingTabPane * 1
DEBUGWARNING - UIAHandler.UIAHandler.getNearestWindowHandle (20:30:31.224) - Dummy-2 (7256):
error walking up to an element with a valid windowHandle
Traceback (most recent call last):
  File "UIAHandler\__init__.pyc", line 1343, in getNearestWindowHandle
_ctypes.COMError: (-2147467259, 'Meghatározatlan hiba', (None, None, None, 0, None))
IO - speech.speech.speak (20:30:31.248) - MainThread (15848):
Speaking [LangChangeCommand ('hu_HU'), 'Az NVDA napló megtekintése', CancellableSpeech (still valid)]
IO - speech.speech.speak (20:30:31.248) - MainThread (15848):
Speaking [LangChangeCommand ('hu_HU'), 'szerkesztőmező', 'csak olvasható', 'többsoros', CancellableSpeech (still valid), 'INFO - globalCommands.script_navigatorObject_devInfo (20:30:31.200) - MainThread (15848):\r']
IO - inputCore.InputManager.executeGesture (20:30:31.858) - winInputHook (5784):
Input: kb(desktop):NVDA+f1
INFO - globalCommands.script_navigatorObject_devInfo (20:30:31.892) - MainThread (15848):
Developer info for navigator object:
name: None
role: EDITABLETEXT
processID: 8732
roleText: None
states: MULTILINE, FOCUSABLE, FOCUSED, READONLY
isFocusable: True
hasFocus: True
Python object: <NVDAObjects.Dynamic_IAccessibleRichEdit50WindowNVDAObject object at 0x0D41E430>
Python class mro: (<class 'NVDAObjects.Dynamic_IAccessibleRichEdit50WindowNVDAObject'>, <class 'NVDAObjects.IAccessible.IAccessible'>, <class 'NVDAObjects.window.edit.RichEdit50'>, <class 'NVDAObjects.window.edit.RichEdit'>, <class 'NVDAObjects.window.edit.Edit'>, <class 'NVDAObjects.behaviors.EditableTextWithAutoSelectDetection'>, <class 'NVDAObjects.behaviors.EditableText'>, <class 'NVDAObjects.behaviors.EditableTextWithSuggestions'>, <class 'NVDAObjects.behaviors.InputFieldWithSuggestions'>, <class 'NVDAObjects.behaviors.EditableTextBase'>, <class 'editableText.EditableText'>, <class 'NVDAObjects.window.edit.EditBase'>, <class 'NVDAObjects.window.Window'>, <class 'NVDAObjects.NVDAObject'>, <class 'documentBase.TextContainerObject'>, <class 'baseObject.ScriptableObject'>, <class 'baseObject.AutoPropertyObject'>, <class 'garbageHandler.TrackedObject'>, <class 'object'>)
description: None
location: RectLTWH(left=2, top=45, width=1899, height=993)
value: 'INFO - __main__ (20:30:16.280) - MainThread (15848):\rStarting NVDA version 2025.1.2 x86\rINFO - core.main (20:30:16.345) - MainThread (15848):\rConfig dir: C:\\Users\\User\\AppData\\Roaming\\nvda\rINFO - config.ConfigManager._loadConfig (20:30:16.349) - Main' (truncated)
TextInfo: <class 'NVDAObjects.window.edit.ITextDocumentTextInfo'>
appModule: AppModule(nvda, appName='nvda', processID=8732)
appModule.productName: 'NVDA'
appModule.productVersion: '2025.1.2'
appModule.helperLocalBindingHandle: c_long(59325960)
appModule.appArchitecture: 'x86'
windowHandle: 5767840
windowClassName: 'RICHEDIT50W'
windowControlID: -31950
windowStyle: 1377900612
extendedWindowStyle: 0
windowThreadID: 15848
windowText: 'INFO - __main__ (20:30:16.280) - MainThread (15848):\r\nStarting NVDA version 2025.1.2 x86\r\nINFO - core.main (20:30:16.345) - MainThread (15848):\r\nConfig dir: C:\\Users\\User\\AppData\\Roaming\\nvda\r\nINFO - config.ConfigManager._loadConfig (20:30:16.349) - ' (truncated)
displayText: "IO - speech.speech.speak (20:30:25.184) - MainThread (15848):Speaking [LangChangeCommand ('hu_HU'), '452 millióért vett termőföldet Várkonyi Andrea', CancellableSpeech (still valid)]IO - speech.speech.speak (20:30:25.192) - MainThread (15848):Speakin" (truncated)
IAccessibleObject: <POINTER(IAccessible) ptr=0x6c22ba8 at d708710>
IAccessibleChildID: 0
IAccessible event parameters: windowHandle=5767840, objectID=-4, childID=0
IAccessible accName: None
IAccessible accRole: ROLE_SYSTEM_TEXT
IAccessible accState: STATE_SYSTEM_FOCUSED, STATE_SYSTEM_READONLY, STATE_SYSTEM_FOCUSABLE, STATE_SYSTEM_VALID (1048644)
IAccessible accDescription: None
IAccessible accValue: 'INFO - __main__ (20:30:16.280) - MainThread (15848):\rStarting NVDA version 2025.1.2 x86\rINFO - core.main (20:30:16.345) - MainThread (15848):\rConfig dir: C:\\Users\\User\\AppData\\Roaming\\nvda\rINFO - config.ConfigManager._loadConfig (20:30:16.349) - Main' (truncated)
IO - speech.speech.speak (20:30:32.328) - MainThread (15848):
Speaking [LangChangeCommand ('hu_HU'), 'hasFocus: True\r']
IO - speech.speech.speak (20:30:32.350) - MainThread (15848):
Speaking [LangChangeCommand ('hu_HU'), 'isFocusable: True\r']
IO - speech.speech.speak (20:30:32.366) - MainThread (15848):
Speaking [LangChangeCommand ('hu_HU'), 'states: MULTILINE, FOCUSABLE, FOCUSED, READONLY\r']
IO - speech.speech.speak (20:30:32.382) - MainThread (15848):
Speaking [LangChangeCommand ('hu_HU'), 'processID: 8732\r']
IO - speech.speech.speak (20:30:32.399) - MainThread (15848):
Speaking [LangChangeCommand ('hu_HU'), 'Developer info for navigator object:\r']
IO - speech.speech.speak (20:30:32.413) - MainThread (15848):
Speaking [LangChangeCommand ('hu_HU'), "Speaking [LangChangeCommand ('hu_HU'), 'szerkesztőmező', 'csak olvasható', 'többsoros', CancellableSpeech (still valid), 'INFO - globalCommands.script_navigatorObject_devInfo (20:30:31.200) - MainThread (15848):\\r']\r"]
IO - speech.speech.speak (20:30:32.425) - MainThread (15848):
Speaking [LangChangeCommand ('hu_HU'), 'IO - speech.speech.speak (20:30:31.248) - MainThread (15848):\r']
IO - speech.speech.speak (20:30:32.441) - MainThread (15848):
Speaking [LangChangeCommand ('hu_HU'), "IAccessible2 attributes: 'explicit-name:true;tag:body;class:ggy75a1 _11qegjk0 tz81m00 _1p7jm60 _2yen1f0 jm0ewz0 _3h8rke0 _7djmrl0 _8vfv1e0 e19fld0 _1v3xwj00 _704pyz0 p3llho1 _13jj0ut0 _8b6bxc9 _1dy6oyqvr;display:block;'\r"]
IO - speech.speech.speak (20:30:32.457) - MainThread (15848):
Speaking [LangChangeCommand ('hu_HU'), 'IAccessible2 windowHandle: 393826\r']
IO - speech.speech.speak (20:30:32.473) - MainThread (15848):
Speaking [LangChangeCommand ('hu_HU'), "IAccessible accName: '452 millióért vett termőföldet Várkonyi Andrea'\r"]
IO - speech.speech.speak (20:30:32.489) - MainThread (15848):
Speaking [LangChangeCommand ('hu_HU'), 'IAccessibleObject: <POINTER(IAccessible2) ptr=0x6c29c1c at d6218a0>\r']
IO - speech.speech.speak (20:30:32.503) - MainThread (15848):
Speaking [LangChangeCommand ('hu_HU'), 'Az NVDA napló megtekintése']
IO - speech.speech.speak (20:30:33.088) - MainThread (15848):
Speaking [LangChangeCommand ('hu_HU'), '452 millióért vett termőföldet Várkonyi Andrea – Mozilla Firefox', CancellableSpeech (still valid)]
IO - speech.speech.speak (20:30:33.092) - MainThread (15848):
Speaking [LangChangeCommand ('hu_HU'), '452 millióért vett termőföldet Várkonyi Andrea – Mozilla Firefox']
IO - speech.speech.speak (20:30:33.136) - MainThread (15848):
Speaking [LangChangeCommand ('hu_HU'), '452 millióért vett termőföldet Várkonyi Andrea', 'dokumentum', CancellableSpeech (still valid)]
IO - speech.speech.speak (20:30:33.140) - MainThread (15848):
Speaking [LangChangeCommand ('hu_HU'), 'Főcím jelzőpont', 'gomb', 'menu']
IO - speech.speech.speak (20:30:33.353) - MainThread (15848):
Speaking [LangChangeCommand ('hu_HU'), 'Bezárás Bezárja az ablakot']
IO - speech.speech.speak (20:30:33.386) - MainThread (15848):
Speaking [LangChangeCommand ('hu_HU'), 'Menüsor']
IO - speech.speech.speak (20:30:33.451) - MainThread (15848):
Speaking [LangChangeCommand ('hu_HU'), 'Könyvjelzők']
IO - speech.speech.speak (20:30:33.704) - MainThread (15848):
Speaking [LangChangeCommand ('hu_HU'), 'Július elsején írták alá azt az adásvételi szerződést, melynek alapján Várkonyi Andrea 452,6 millió forintért vásárol szántókat Farkas Amandától, aki Farkas Sándor fideszes ex-államtitkár lánya. Mészáros Lőrinc felesége aranykalászos gazda, ezért tud szántóföldeket vásárolni. Várkonyi a vételárat nem Farkas Amandának, hanem anyjának, Farkasné Márton Katalinnak kell átutalja.']
IO - speech.speech.speak (20:30:35.266) - MainThread (15848):
Speaking [LangChangeCommand ('hu_HU'), 'NVDA']
INFO - watchdog.waitForFreezeRecovery (20:30:36.229) - watchdog (13248):
Starting freeze recovery after 0.5001984999980778 seconds.
DEBUGWARNING - watchdog.waitForFreezeRecovery (20:30:36.229) - watchdog (13248):
Listing stacks for Python threads:
Python stack for thread 12808 (watchdog.CancellableCallThread.execute(<CFunctionType object at 0x083FD210>)):
  File "threading.pyc", line 1002, in _bootstrap
  File "threading.pyc", line 1045, in _bootstrap_inner
  File "watchdog.pyc", line 428, in run
  File "threading.pyc", line 629, in wait
  File "threading.pyc", line 327, in wait

Python stack for thread 13248 (watchdog):
  File "threading.pyc", line 1002, in _bootstrap
  File "threading.pyc", line 1045, in _bootstrap_inner
  File "threading.pyc", line 982, in run
  File "watchdog.pyc", line 163, in _watcher
  File "watchdog.pyc", line 170, in waitForFreezeRecovery
  File "logHandler.pyc", line 64, in getFormattedStacksForAllThreads

Python stack for thread 5784 (winInputHook):
  File "threading.pyc", line 1002, in _bootstrap
  File "threading.pyc", line 1045, in _bootstrap_inner
  File "threading.pyc", line 982, in run
  File "winInputHook.pyc", line 108, in hookThreadFunc

Python stack for thread 15384 (UIAHandler.UIAHandler.MTAThread):
  File "threading.pyc", line 1002, in _bootstrap
  File "threading.pyc", line 1045, in _bootstrap_inner
  File "threading.pyc", line 982, in run
  File "UIAHandler\__init__.pyc", line 552, in MTAThreadFunc
  File "queue.pyc", line 171, in get
  File "threading.pyc", line 327, in wait

Python stack for thread 12524 (ThreadPoolExecutor-0_0):
  File "threading.pyc", line 1002, in _bootstrap
  File "threading.pyc", line 1045, in _bootstrap_inner
  File "threading.pyc", line 982, in run
  File "concurrent\futures\thread.pyc", line 81, in _worker

Python stack for thread 9620 (hwIo.ioThread.IoThread):
  File "threading.pyc", line 1002, in _bootstrap
  File "threading.pyc", line 1045, in _bootstrap_inner
  File "hwIo\ioThread.pyc", line 264, in run

Python stack for thread 5432 (ScheduleThread):
  File "threading.pyc", line 1002, in _bootstrap
  File "threading.pyc", line 1045, in _bootstrap_inner
  File "utils\schedule.pyc", line 90, in run

Python stack for thread 15848 (MainThread):
  File "nvda.pyw", line 314, in <module>
  File "core.pyc", line 1049, in main
  File "wx\core.pyc", line 2262, in MainLoop
  File "core.pyc", line 993, in Notify
  File "mouseHandler.pyc", line 287, in pumpAll
  File "mouseHandler.pyc", line 226, in executeMouseMoveEvent
  File "NVDAObjects\__init__.pyc", line 339, in objectFromPoint
  File "NVDAObjects\__init__.pyc", line 267, in findBestAPIClass
  File "NVDAObjects\__init__.pyc", line 266, in findBestAPIClass
  File "NVDAObjects\IAccessible\__init__.pyc", line 529, in kwargsFromSuper
  File "IAccessibleHandler\__init__.pyc", line 362, in accessibleObjectFromPoint
  File "oleacc.pyc", line 328, in AccessibleObjectFromPoint
  File "gui\__init__.pyc", line 721, in onActivate

DEBUGWARNING - NVDAObjects.IAccessible.IAccessible._get_IAccessibleRole (20:30:36.336) - MainThread (15848):
accRole failed: (-2147024809, 'A paraméter nem megfelelő.', (None, None, None, 0, None))
IO - speech.speech.speak (20:30:36.366) - MainThread (15848):
Speaking [LangChangeCommand ('hu_HU'), 'kilépés az NVDA-ból', 'párbeszédpanel', CancellableSpeech (still valid)]
IO - speech.speech.speak (20:30:36.370) - MainThread (15848):
Speaking [LangChangeCommand ('hu_HU'), 'Mit szeretne tenni?', 'kombinált listamező', 'Kilépés', 'Zárva', 'Alt+', CharacterModeCommand(True), 't', CharacterModeCommand(False), CancellableSpeech (still valid)]
IO - speech.speech.speak (20:30:36.386) - MainThread (15848):
Speaking [LangChangeCommand ('hu_HU'), 'Értekezlet most']
INFO - watchdog.waitForFreezeRecovery (20:30:36.387) - watchdog (13248):
Recovered from freeze after 0.6583338000345975 seconds.
IO - speech.speech.speak (20:30:36.680) - MainThread (15848):
Speaking [LangChangeCommand ('hu_HU'), 'NVDA']
IO - speech.speech.speak (20:30:36.869) - MainThread (15848):
Speaking [LangChangeCommand ('hu_HU'), ' FRISS ']
IO - speech.speech.speak (20:30:36.915) - MainThread (15848):
Speaking [LangChangeCommand ('hu_HU'), '452 millióért vett termőföldet Várkonyi Andrea']
IO - speech.speech.speak (20:30:37.019) - MainThread (15848):
Speaking [LangChangeCommand ('hu_HU'), 'kilépés az NVDA-ból']
IO - speech.speech.speak (20:30:37.168) - MainThread (15848):
Speaking [LangChangeCommand ('hu_HU'), 'Mit szeretne tenni? Kilépés']
IO - speech.speech.speak (20:30:37.297) - MainThread (15848):
Speaking [LangChangeCommand ('hu_HU'), 'kilépés az NVDA-ból']
IO - speech.speech.speak (20:30:37.384) - MainThread (15848):
Speaking [LangChangeCommand ('hu_HU'), 'Ok']
IO - speech.speech.speak (20:30:37.629) - MainThread (15848):
Speaking [LangChangeCommand ('hu_HU'), 'kilépés az NVDA-ból']
IO - speech.speech.speak (20:30:37.650) - MainThread (15848):
Speaking [LangChangeCommand ('hu_HU'), 'Mégsem']
IO - speech.speech.speak (20:30:37.818) - MainThread (15848):
Speaking [LangChangeCommand ('hu_HU'), 'Mégsem', 'gomb', 'lenyomva', CancellableSpeech (still valid)]
IO - speech.speech.speak (20:30:37.957) - MainThread (15848):
Speaking [LangChangeCommand ('hu_HU'), '452 millióért vett termőföldet Várkonyi Andrea – Mozilla Firefox', CancellableSpeech (still valid)]
IO - speech.speech.speak (20:30:38.005) - MainThread (15848):
Speaking [LangChangeCommand ('hu_HU'), '452 millióért vett termőföldet Várkonyi Andrea', 'dokumentum', CancellableSpeech (still valid)]
IO - speech.speech.speak (20:30:38.009) - MainThread (15848):
Speaking [LangChangeCommand ('hu_HU'), 'gomb', 'menu']
IO - speech.speech.speak (20:30:39.095) - MainThread (15848):
Speaking [LangChangeCommand ('hu_HU'), 'ODU\nInternetelérés']
IO - speech.speech.speak (20:30:39.185) - MainThread (15848):
Speaking [LangChangeCommand ('hu_HU'), 'ASUS VP278: 36%']
IO - speech.speech.speak (20:30:39.426) - MainThread (15848):
Speaking [LangChangeCommand ('hu_HU'), 'tálca', CancellableSpeech (still valid)]
IO - speech.speech.speak (20:30:39.601) - MainThread (15848):
Speaking [LangChangeCommand ('hu_HU'), 'Hangerőszabályzó', 'ablak', CancellableSpeech (still valid)]
IO - speech.speech.speak (20:30:39.609) - MainThread (15848):
Speaking [LangChangeCommand ('hu_HU'), 'Hangerő', 'csúszka', '36', CancellableSpeech (still valid)]
IO - speech.speech.speak (20:30:39.741) - MainThread (15848):
Speaking [LangChangeCommand ('hu_HU'), 'ODU\nInternetelérés']
IO - speech.speech.speak (20:30:39.815) - MainThread (15848):
Speaking [LangChangeCommand ('hu_HU'), 'A frissítések telepítéséhez újra kell indítani az eszközt. \nVálassza ki a megfelelő időpontot az újraindításhoz.']
IO - speech.speech.speak (20:30:39.869) - MainThread (15848):
Speaking [LangChangeCommand ('hu_HU'), 'Hangerő 36']
IO - speech.speech.speak (20:30:40.306) - MainThread (15848):
Speaking [LangChangeCommand ('hu_HU'), 'Némító kapcsoló']
IO - speech.speech.speak (20:30:40.407) - MainThread (15848):
Speaking [LangChangeCommand ('hu_HU'), 'Némító kapcsoló', 'jelölőnégyzet', 'Nincs bejelölve', CancellableSpeech (still valid)]
IO - speech.speech.speak (20:30:40.504) - MainThread (15848):
Speaking [LangChangeCommand ('hu_HU'), 'bejelölve']
IO - speech.speech.speak (20:30:40.850) - MainThread (15848):
Speaking [LangChangeCommand ('hu_HU'), 'Hangerő 36']
IO - speech.speech.speak (20:30:40.917) - MainThread (15848):
Speaking [LangChangeCommand ('hu_HU'), 'Értesítést jelző francia idézőjel']
IO - speech.speech.speak (20:30:41.178) - MainThread (15848):
Speaking [LangChangeCommand ('hu_HU'), 'NVDA']
IO - speech.speech.speak (20:30:41.274) - MainThread (15848):
Speaking [LangChangeCommand ('hu_HU'), 'tálca', CancellableSpeech (still valid)]
INFO - watchdog.waitForFreezeRecovery (20:30:41.814) - watchdog (13248):
Starting freeze recovery after 0.5002613000106066 seconds.
DEBUGWARNING - watchdog.waitForFreezeRecovery (20:30:41.818) - watchdog (13248):
Listing stacks for Python threads:
Python stack for thread 15112 (Unknown):
  File "synthDrivers\oneCore.pyc", line 486, in _callback
  File "nvwave.pyc", line 335, in feed

Python stack for thread 12808 (watchdog.CancellableCallThread.execute(<CFunctionType object at 0x083FD210>)):
  File "threading.pyc", line 1002, in _bootstrap
  File "threading.pyc", line 1045, in _bootstrap_inner
  File "watchdog.pyc", line 428, in run
  File "threading.pyc", line 629, in wait
  File "threading.pyc", line 327, in wait

Python stack for thread 13248 (watchdog):
  File "threading.pyc", line 1002, in _bootstrap
  File "threading.pyc", line 1045, in _bootstrap_inner
  File "threading.pyc", line 982, in run
  File "watchdog.pyc", line 163, in _watcher
  File "watchdog.pyc", line 170, in waitForFreezeRecovery
  File "logHandler.pyc", line 64, in getFormattedStacksForAllThreads

Python stack for thread 5784 (winInputHook):
  File "threading.pyc", line 1002, in _bootstrap
  File "threading.pyc", line 1045, in _bootstrap_inner
  File "threading.pyc", line 982, in run
  File "winInputHook.pyc", line 108, in hookThreadFunc

Python stack for thread 15384 (UIAHandler.UIAHandler.MTAThread):
  File "threading.pyc", line 1002, in _bootstrap
  File "threading.pyc", line 1045, in _bootstrap_inner
  File "threading.pyc", line 982, in run
  File "UIAHandler\__init__.pyc", line 552, in MTAThreadFunc
  File "queue.pyc", line 171, in get
  File "threading.pyc", line 327, in wait

Python stack for thread 12524 (ThreadPoolExecutor-0_0):
  File "threading.pyc", line 1002, in _bootstrap
  File "threading.pyc", line 1045, in _bootstrap_inner
  File "threading.pyc", line 982, in run
  File "concurrent\futures\thread.pyc", line 81, in _worker

Python stack for thread 9620 (hwIo.ioThread.IoThread):
  File "threading.pyc", line 1002, in _bootstrap
  File "threading.pyc", line 1045, in _bootstrap_inner
  File "hwIo\ioThread.pyc", line 264, in run

Python stack for thread 5432 (ScheduleThread):
  File "threading.pyc", line 1002, in _bootstrap
  File "threading.pyc", line 1045, in _bootstrap_inner
  File "utils\schedule.pyc", line 90, in run

Python stack for thread 15848 (MainThread):
  File "nvda.pyw", line 314, in <module>
  File "core.pyc", line 1049, in main
  File "wx\core.pyc", line 2262, in MainLoop
  File "core.pyc", line 993, in Notify
  File "mouseHandler.pyc", line 287, in pumpAll
  File "mouseHandler.pyc", line 226, in executeMouseMoveEvent
  File "NVDAObjects\__init__.pyc", line 339, in objectFromPoint
  File "NVDAObjects\__init__.pyc", line 267, in findBestAPIClass
  File "NVDAObjects\__init__.pyc", line 266, in findBestAPIClass
  File "NVDAObjects\IAccessible\__init__.pyc", line 529, in kwargsFromSuper
  File "IAccessibleHandler\__init__.pyc", line 362, in accessibleObjectFromPoint
  File "oleacc.pyc", line 328, in AccessibleObjectFromPoint
  File "gui\__init__.pyc", line 721, in onActivate

INFO - watchdog.waitForFreezeRecovery (20:30:45.661) - watchdog (13248):
Recovered from freeze after 4.346766800037585 seconds.
IO - speech.speech.speak (20:30:45.689) - MainThread (15848):
Speaking [LangChangeCommand ('hu_HU'), 'Bővítménykezelő - Telepített bővítmények (mind)', 'párbeszédpanel', 'Intelligent Hungarian article reader that skips clutter', CancellableSpeech (still valid)]
DEBUGWARNING - RPC process 8732 (nvda.exe) (20:30:45.689) - Dummy-4 (3656):
Thread 3656, build\x86\remote\sysListView32.cpp, nvdaInProcUtils_sysListView32_getGroupInfo, 43:
LVM_GETGROUPINFOBYINDEX failed

IO - speech.speech.speak (20:30:45.693) - MainThread (15848):
Speaking [LangChangeCommand ('hu_HU'), 'Telepített bővítmények:', 'lista', 'Alt+', CharacterModeCommand(True), 't', CharacterModeCommand(False), CancellableSpeech (still valid)]
IO - speech.speech.speak (20:30:45.697) - MainThread (15848):
Speaking [LangChangeCommand ('hu_HU'), 'Kezdőlap:\u2003https://github.com/papa-voice/papa-voice-reader\r']
IO - speech.speech.speak (20:30:45.989) - MainThread (15848):
Speaking [LangChangeCommand ('hu_HU'), 'Intelligent Hungarian article reader that skips clutter']
IO - speech.speech.speak (20:30:46.023) - MainThread (15848):
Speaking [LangChangeCommand ('hu_HU'), 'Intelligent Hungarian article reader that skips clutter; Állapot: Engedélyezve, nem kompatibilis; Telepített verzió: 1.1.5; Csatorna: Külső; Készítő: fagyhalal', '1 per 1', CancellableSpeech (still valid)]
IO - speech.speech.speak (20:30:46.027) - MainThread (15848):
Speaking [LangChangeCommand ('hu_HU'), 'Telepített bővítmények:']
IO - speech.speech.speak (20:30:46.050) - MainThread (15848):
Speaking [LangChangeCommand ('hu_HU'), 'Intelligent Hungarian article reader that skips clutter; Állapot: Engedélyezve, nem kompatibilis; Telepített verzió: 1.1.5; Csatorna: Külső; Készítő: fagyhalal', '1 per 1', CancellableSpeech (still valid)]
DEBUGWARNING - UIAHandler.UIAHandler.getNearestWindowHandle (20:30:46.082) - Dummy-2 (7256):
error walking up to an element with a valid windowHandle
Traceback (most recent call last):
  File "UIAHandler\__init__.pyc", line 1343, in getNearestWindowHandle
_ctypes.COMError: (-2147467259, 'Meghatározatlan hiba', (None, None, None, 0, None))
IO - speech.speech.speak (20:30:49.434) - MainThread (15848):
Speaking [LangChangeCommand ('hu_HU'), 'Intelligent Hungarian article reader that skips clutter; Állapot: Engedélyezve, nem kompatibilis; Telepített verzió: 1.1.5; Csatorna: Külső; Készítő: fagyhalal']
IO - speech.speech.speak (20:30:50.524) - MainThread (15848):
Speaking [LangChangeCommand ('hu_HU'), 'Környezet', 'menü', CancellableSpeech (still valid)]
IO - speech.speech.speak (20:30:50.788) - MainThread (15848):
Speaking [LangChangeCommand ('hu_HU'), 'Intelligent Hungarian article reader that skips clutter; Állapot: Engedélyezve, nem kompatibilis; Telepített verzió: 1.1.5; Csatorna: Külső; Készítő: fagyhalal']
IO - speech.speech.speak (20:30:52.922) - MainThread (15848):
Speaking [LangChangeCommand ('hu_HU'), 'Telepített bővítmények:']
IO - speech.speech.speak (20:30:52.934) - MainThread (15848):
Speaking [LangChangeCommand ('hu_HU'), 'Letiltás', CharacterModeCommand(True), 'l', CharacterModeCommand(False), CancellableSpeech (still valid)]
IO - speech.speech.speak (20:30:52.934) - MainThread (15848):
Speaking [LangChangeCommand ('hu_HU'), 'Letiltás']
IO - speech.speech.speak (20:30:52.948) - MainThread (15848):
Speaking [LangChangeCommand ('hu_HU'), 'Eltávolítás', CharacterModeCommand(True), 'v', CharacterModeCommand(False), CancellableSpeech (still valid)]
IO - speech.speech.speak (20:30:52.952) - MainThread (15848):
Speaking [LangChangeCommand ('hu_HU'), 'Eltávolítás']
IO - speech.speech.speak (20:30:52.986) - MainThread (15848):
Speaking [LangChangeCommand ('hu_HU'), 'Súgó', CharacterModeCommand(True), 's', CharacterModeCommand(False), CancellableSpeech (still valid)]
IO - speech.speech.speak (20:30:52.990) - MainThread (15848):
Speaking [LangChangeCommand ('hu_HU'), 'Súgó']
IO - speech.speech.speak (20:30:53.487) - MainThread (15848):
Speaking [LangChangeCommand ('hu_HU'), 'Bővítménykezelő - Telepített bővítmények (mind)', 'párbeszédpanel', 'Intelligent Hungarian article reader that skips clutter', CancellableSpeech (still valid)]
IO - speech.speech.speak (20:30:53.487) - MainThread (15848):
Speaking [LangChangeCommand ('hu_HU'), 'Telepített bővítmények:', 'lista', 'Alt+', CharacterModeCommand(True), 't', CharacterModeCommand(False), CancellableSpeech (still valid)]
IO - speech.speech.speak (20:30:53.499) - MainThread (15848):
Speaking [LangChangeCommand ('hu_HU'), 'Intelligent Hungarian article reader that skips clutter; Állapot: Engedélyezve, nem kompatibilis; Telepített verzió: 1.1.5; Csatorna: Külső; Készítő: fagyhalal', '1 per 1', CancellableSpeech (still valid)]
DEBUGWARNING - IAccessibleHandler.internalWinEventHandler._shouldGetEvents (20:30:53.820) - MainThread (15848):
Foreground took too long to change. Foreground still 3671824 (#32770). Should be 6686962 (Shell_Flyout)
IO - speech.speech.speak (20:30:54.071) - MainThread (15848):
Speaking [LangChangeCommand ('hu_HU'), 'Hogyan szeretné megnyitni ezt a fájlt?', 'párbeszédpanel', CancellableSpeech (still valid)]
IO - speech.speech.speak (20:30:54.095) - MainThread (15848):
Speaking [LangChangeCommand ('hu_HU'), 'OK', 'gomb', CancellableSpeech (still valid)]
IO - speech.speech.speak (20:30:54.103) - MainThread (15848):
Speaking [LangChangeCommand ('hu_HU'), 'Bezárás Bezárás']
IO - speech.speech.speak (20:30:56.225) - MainThread (15848):
Speaking [LangChangeCommand ('hu_HU'), 'Hogyan szeretné megnyitni ezt a fájlt?']
IO - speech.speech.speak (20:30:56.329) - MainThread (15848):
Speaking [LangChangeCommand ('hu_HU'), 'Hogyan szeretné megnyitni ezt a fájlt? Hogyan szeretné megnyitni ezt a fájlt?']
IO - speech.speech.speak (20:30:56.353) - MainThread (15848):
Speaking [LangChangeCommand ('hu_HU'), 'További lehetőségek']
IO - speech.speech.speak (20:30:56.385) - MainThread (15848):
Speaking [LangChangeCommand ('hu_HU'), 'Google\xa0Chrome']
IO - speech.speech.speak (20:30:56.403) - MainThread (15848):
Speaking [LangChangeCommand ('hu_HU'), 'Internet Explorer']
IO - speech.speech.speak (20:30:56.559) - MainThread (15848):
Speaking [LangChangeCommand ('hu_HU'), 'Microsoft Edge']
IO - speech.speech.speak (20:30:56.593) - MainThread (15848):
Speaking [LangChangeCommand ('hu_HU'), 'Microsoft Edge']
IO - speech.speech.speak (20:30:56.741) - MainThread (15848):
Speaking [LangChangeCommand ('hu_HU'), 'Microsoft Edge']
IO - speech.speech.speak (20:30:56.813) - MainThread (15848):
Speaking [LangChangeCommand ('hu_HU'), 'Alkalmazás keresése a Microsoft Store-ban']
IO - speech.speech.speak (20:30:56.835) - MainThread (15848):
Speaking [LangChangeCommand ('hu_HU'), 'Alkalmazás keresése a Microsoft Store-ban']
IO - speech.speech.speak (20:30:57.107) - MainThread (15848):
Speaking [LangChangeCommand ('hu_HU'), 'További alkalmazások']
IO - speech.speech.speak (20:30:57.251) - MainThread (15848):
Speaking [LangChangeCommand ('hu_HU'), 'Hogyan szeretné megnyitni ezt a fájlt? Hogyan szeretné megnyitni ezt a fájlt?']
IO - speech.speech.speak (20:30:57.275) - MainThread (15848):
Speaking [LangChangeCommand ('hu_HU'), 'Mindig ez az alkalmazás nyissa meg ezt a fájltípust (.html)']
IO - speech.speech.speak (20:30:57.499) - MainThread (15848):
Speaking [LangChangeCommand ('hu_HU'), 'Hogyan szeretné megnyitni ezt a fájlt? Hogyan szeretné megnyitni ezt a fájlt?']
IO - inputCore.InputManager.executeGesture (20:30:57.771) - winInputHook (5784):
Input: kb(desktop):escape
IO - speech.speech.speak (20:30:57.813) - MainThread (15848):
Speaking [LangChangeCommand ('hu_HU'), 'Hogyan szeretné megnyitni ezt a fájlt?']
IO - speech.speech.speak (20:30:57.857) - MainThread (15848):
Speaking [LangChangeCommand ('hu_HU'), 'Bővítménykezelő - Telepített bővítmények (mind)', 'párbeszédpanel', 'Intelligent Hungarian article reader that skips clutter', CancellableSpeech (still valid)]
IO - speech.speech.speak (20:30:57.861) - MainThread (15848):
Speaking [LangChangeCommand ('hu_HU'), 'Telepített bővítmények:', 'lista', 'Alt+', CharacterModeCommand(True), 't', CharacterModeCommand(False), CancellableSpeech (still valid)]
IO - speech.speech.speak (20:30:57.877) - MainThread (15848):
Speaking [LangChangeCommand ('hu_HU'), 'Intelligent Hungarian article reader that skips clutter; Állapot: Engedélyezve, nem kompatibilis; Telepített verzió: 1.1.5; Csatorna: Külső; Készítő: fagyhalal', '1 per 1', CancellableSpeech (still valid)]
IO - speech.speech.speak (20:30:57.881) - MainThread (15848):
Speaking [LangChangeCommand ('hu_HU'), 'Telepített bővítmények:']
IO - speech.speech.speak (20:30:58.023) - MainThread (15848):
Speaking [LangChangeCommand ('hu_HU'), 'Intelligent Hungarian article reader that skips clutter; Állapot: Engedélyezve, nem kompatibilis; Telepített verzió: 1.1.5; Csatorna: Külső; Készítő: fagyhalal']
IO - speech.speech.speak (20:30:58.071) - MainThread (15848):
Speaking [LangChangeCommand ('hu_HU'), 'Telepített verzió']
IO - speech.speech.speak (20:30:58.317) - MainThread (15848):
Speaking [LangChangeCommand ('hu_HU'), 'Intelligent Hungarian article reader that skips clutter; Állapot: Engedélyezve, nem kompatibilis; Telepített verzió: 1.1.5; Csatorna: Külső; Készítő: fagyhalal']
IO - speech.speech.speak (20:30:58.673) - MainThread (15848):
Speaking [LangChangeCommand ('hu_HU'), 'Környezet', 'menü', CancellableSpeech (still valid)]
IO - speech.speech.speak (20:30:58.856) - MainThread (15848):
Speaking [LangChangeCommand ('hu_HU'), 'Intelligent Hungarian article reader that skips clutter; Állapot: Engedélyezve, nem kompatibilis; Telepített verzió: 1.1.5; Csatorna: Külső; Készítő: fagyhalal']
IO - speech.speech.speak (20:30:59.187) - MainThread (15848):
Speaking [LangChangeCommand ('hu_HU'), 'Telepített bővítmények:']
IO - speech.speech.speak (20:30:59.501) - MainThread (15848):
Speaking [LangChangeCommand ('hu_HU'), 'Kezdőlap', CharacterModeCommand(True), 'k', CharacterModeCommand(False), CancellableSpeech (still valid)]
IO - speech.speech.speak (20:30:59.505) - MainThread (15848):
Speaking [LangChangeCommand ('hu_HU'), 'Kezdőlap']
IO - speech.speech.speak (20:30:59.589) - MainThread (15848):
Speaking [LangChangeCommand ('hu_HU'), 'Frissítési  csatorna', 'almenü', CharacterModeCommand(True), 'c', CharacterModeCommand(False), CancellableSpeech (still valid)]
IO - speech.speech.speak (20:30:59.589) - MainThread (15848):
Speaking [LangChangeCommand ('hu_HU'), 'Frissítési  csatorna']
IO - speech.speech.speak (20:31:00.025) - MainThread (15848):
Speaking [LangChangeCommand ('hu_HU'), 'Frissítési  csatorna', 'menü', CancellableSpeech (still valid)]
IO - speech.speech.speak (20:31:01.302) - MainThread (15848):
Speaking [LangChangeCommand ('hu_HU'), 'Telepített bővítmények:']
IO - speech.speech.speak (20:31:01.841) - MainThread (15848):
Speaking [LangChangeCommand ('hu_HU'), 'Bővítménykezelő - Telepített bővítmények (mind)', 'párbeszédpanel', 'Intelligent Hungarian article reader that skips clutter', CancellableSpeech (still valid)]
IO - speech.speech.speak (20:31:01.841) - MainThread (15848):
Speaking [LangChangeCommand ('hu_HU'), 'Telepített bővítmények:', 'lista', 'Alt+', CharacterModeCommand(True), 't', CharacterModeCommand(False), CancellableSpeech (still valid)]
IO - speech.speech.speak (20:31:01.849) - MainThread (15848):
Speaking [LangChangeCommand ('hu_HU'), 'Intelligent Hungarian article reader that skips clutter; Állapot: Engedélyezve, nem kompatibilis; Telepített verzió: 1.1.5; Csatorna: Külső; Készítő: fagyhalal', '1 per 1', CancellableSpeech (still valid)]
IO - speech.speech.speak (20:31:02.206) - MainThread (15848):
Speaking [LangChangeCommand ('hu_HU'), 'Intelligent Hungarian article reader that skips clutter; Állapot: Engedélyezve, nem kompatibilis; Telepített verzió: 1.1.5; Csatorna: Külső; Készítő: fagyhalal', '1 per 1', CancellableSpeech (still valid)]
IO - speech.speech.speak (20:31:03.073) - MainThread (15848):
Speaking [LangChangeCommand ('hu_HU'), 'Intelligent Hungarian article reader that skips clutter; Állapot: Engedélyezve, nem kompatibilis; Telepített verzió: 1.1.5; Csatorna: Külső; Készítő: fagyhalal']
DEBUGWARNING - NVDAObjects.IAccessible.IAccessible._getIA2RelationFirstTarget (20:31:03.172) - MainThread (15848):
Unable to use _getIA2TargetsForRelationsOfType, fallback to _IA2Relations.
IO - speech.speech.speak (20:31:03.449) - MainThread (15848):
Speaking [LangChangeCommand ('hu_HU'), 'Telepített bővítmények:']
IO - inputCore.InputManager.executeGesture (20:31:10.023) - winInputHook (5784):
Input: kb(desktop):printScreen
IO - inputCore.InputManager.executeGesture (20:31:13.048) - winInputHook (5784):
Input: kb(desktop):control+escape
DEBUGWARNING - RPC process 10984 (SearchApp.exe) (20:31:13.084) - Dummy-5 (15672):
Thread 11416, build\x86_64\remote\ia2Support.cpp, IA2Support_inProcess_initialize, 177:
Not installing IA2 support as  process is suspendable

IO - speech.speech.speak (20:31:13.128) - MainThread (15848):
Speaking [LangChangeCommand ('hu_HU'), 'Keresés', 'ablak', CancellableSpeech (still valid)]
IO - speech.speech.speak (20:31:13.138) - MainThread (15848):
Speaking [LangChangeCommand ('hu_HU'), 'Keresőmező', 'szerkesztőmező', CancellableSpeech (still valid), 'üres']
IO - inputCore.InputManager.executeGesture (20:31:13.948) - winInputHook (5784):
Input: kb(desktop):p
IO - speech.speech.speak (20:31:13.964) - MainThread (15848):
Speaking [CharacterModeCommand(True), LangChangeCommand ('hu_HU'), 'p', EndUtteranceCommand()]
IO - inputCore.InputManager.executeGesture (20:31:14.088) - winInputHook (5784):
Input: kb(desktop):a
IO - speech.speech.speak (20:31:14.119) - MainThread (15848):
Speaking [CharacterModeCommand(True), LangChangeCommand ('hu_HU'), 'a', EndUtteranceCommand()]
IO - inputCore.InputManager.executeGesture (20:31:14.177) - winInputHook (5784):
Input: kb(desktop):i
IO - speech.speech.speak (20:31:14.223) - MainThread (15848):
Speaking [CharacterModeCommand(True), LangChangeCommand ('hu_HU'), 'i', EndUtteranceCommand()]
DEBUGWARNING - UIAHandler.UIAHandler.getNearestWindowHandle (20:31:14.253) - Dummy-2 (7256):
error walking up to an element with a valid windowHandle
Traceback (most recent call last):
  File "UIAHandler\__init__.pyc", line 1343, in getNearestWindowHandle
_ctypes.COMError: (-2147220991, 'Az esemény nem tudott meghívni előfizetőt', (None, None, None, 0, None))
DEBUGWARNING - UIAHandler.UIAHandler.getNearestWindowHandle (20:31:14.253) - Dummy-2 (7256):
error walking up to an element with a valid windowHandle
Traceback (most recent call last):
  File "UIAHandler\__init__.pyc", line 1343, in getNearestWindowHandle
_ctypes.COMError: (-2147220991, 'Az esemény nem tudott meghívni előfizetőt', (None, None, None, 0, None))
DEBUGWARNING - NVDAObjects.UIA.UIA.isDescendantOf (20:31:14.259) - MainThread (15848):
Error walking ancestors
Traceback (most recent call last):
  File "NVDAObjects\UIA\__init__.pyc", line 2355, in isDescendantOf
_ctypes.COMError: (-2147220991, 'Az esemény nem tudott meghívni előfizetőt', (None, None, None, 0, None))
IO - inputCore.InputManager.executeGesture (20:31:14.259) - winInputHook (5784):
Input: kb(desktop):n
IO - speech.speech.speak (20:31:14.288) - MainThread (15848):
Speaking [CharacterModeCommand(True), LangChangeCommand ('hu_HU'), 'n', EndUtteranceCommand()]
DEBUGWARNING - NVDAObjects.UIA.UIA.isDescendantOf (20:31:14.327) - MainThread (15848):
Error walking ancestors
Traceback (most recent call last):
  File "NVDAObjects\UIA\__init__.pyc", line 2355, in isDescendantOf
_ctypes.COMError: (-2147220991, 'Az esemény nem tudott meghívni előfizetőt', (None, None, None, 0, None))
IO - speech.speech.speak (20:31:14.399) - MainThread (15848):
Speaking [LangChangeCommand ('hu_HU'), '1. szint', 'Paint, Alkalmazás, Nyomja meg a jobbra gombot a beállítások megtekintéséhez', '1 per 1', CancellableSpeech (still valid)]
IO - inputCore.InputManager.executeGesture (20:31:15.302) - winInputHook (5784):
Input: kb(desktop):enter
IO - speech.speech.speakTypedCharacters (20:31:15.317) - MainThread (15848):
typed word: pain
DEBUGWARNING - NVDAObjects.behaviors._delayedDetection (20:31:15.409) - MainThread (15848):
Error fetching formatting for last character of previous word
Traceback (most recent call last):
  File "NVDAObjects\behaviors.pyc", line 277, in _delayedDetection
  File "NVDAObjects\UIA\__init__.pyc", line 1031, in getTextWithFields
AttributeError: 'NoneType' object has no attribute 'UIAElement'
IO - speech.speech.speak (20:31:15.721) - MainThread (15848):
Speaking [LangChangeCommand ('hu_HU'), 'Névtelen - Paint', 'ablak', CancellableSpeech (still valid)]
IO - speech.speech.speak (20:31:15.721) - MainThread (15848):
Speaking [LangChangeCommand ('hu_HU'), 'Ecset eszköz használata ezen: Vászon', CancellableSpeech (still valid)]
IO - inputCore.InputManager.executeGesture (20:31:16.094) - winInputHook (5784):
Input: kb(desktop):control+v
DEBUGWARNING - NVDAObjects.NVDAObject.event_liveRegionChange (20:31:16.169) - MainThread (15848):
Processing live region event for object with live politeness set to 'OFF'
IO - speech.speech.speak (20:31:16.169) - MainThread (15848):
Speaking [LangChangeCommand ('hu_HU'), 'Beillesztvea a vágólapról']
IO - inputCore.InputManager.executeGesture (20:31:16.977) - winInputHook (5784):
Input: kb(desktop):control+s
IO - speech.speech.speak (20:31:17.938) - MainThread (15848):
Speaking [LangChangeCommand ('hu_HU'), 'Mentés másként', 'párbeszédpanel', CancellableSpeech (still valid)]
IO - speech.speech.speak (20:31:17.945) - MainThread (15848):
Speaking [LangChangeCommand ('hu_HU'), 'Fájlnév:', 'kombinált listamező', 'Zárva', CancellableSpeech (still valid)]
IO - speech.speech.speak (20:31:17.952) - MainThread (15848):
Speaking [LangChangeCommand ('hu_HU'), 'szerkesztőmező', 'Alt+', CharacterModeCommand(True), 'l', CharacterModeCommand(False), CancellableSpeech (still valid), 'Névtelen.png Kijelölve']
DEBUGWARNING - NVDAObjects.IAccessible.IAccessible._getIA2RelationFirstTarget (20:31:17.952) - MainThread (15848):
Unable to use _getIA2TargetsForRelationsOfType, fallback to _IA2Relations.
IO - speech.speech.speak (20:31:18.045) - MainThread (15848):
Speaking [LangChangeCommand ('hu_HU'), 'Tucan (kitűzve)']
IO - speech.speech.speak (20:31:18.059) - MainThread (15848):
Speaking [LangChangeCommand ('hu_HU'), 'XVIII (kitűzve)']
IO - speech.speech.speak (20:31:18.104) - MainThread (15848):
Speaking [LangChangeCommand ('hu_HU'), 'Adobe Media Encoder 2023 (kitűzve)']
IO - speech.speech.speak (20:31:18.147) - MainThread (15848):
Speaking [LangChangeCommand ('hu_HU'), 'auto latvanytervek']
IO - speech.speech.speak (20:31:18.217) - MainThread (15848):
Speaking [LangChangeCommand ('hu_HU'), 'papa-voice-master']
IO - speech.speech.speak (20:31:18.531) - MainThread (15848):
Speaking [LangChangeCommand ('hu_HU'), 'Reni és Adrián fotók']
IO - speech.speech.speak (20:31:18.874) - MainThread (15848):
Speaking [LangChangeCommand ('hu_HU'), 'papa-voice-master']
IO - speech.speech.speak (20:31:19.298) - MainThread (15848):
Speaking [LangChangeCommand ('hu_HU'), 'fanézet', CancellableSpeech (still valid)]
IO - speech.speech.speak (20:31:19.305) - MainThread (15848):
Speaking [LangChangeCommand ('hu_HU'), 'papa-voice-master', '1 per 1', '1. szint', CancellableSpeech (still valid)]
DEBUGWARNING - NVDAObjects.IAccessible.IAccessible._getIA2RelationFirstTarget (20:31:19.305) - MainThread (15848):
Unable to use _getIA2TargetsForRelationsOfType, fallback to _IA2Relations.
IO - speech.speech.speak (20:31:19.347) - MainThread (15848):
Speaking [LangChangeCommand ('hu_HU'), 'papa-voice-master', '1 per 1', '1. szint', CancellableSpeech (still valid)]
IO - speech.speech.speak (20:31:19.468) - MainThread (15848):
Speaking [LangChangeCommand ('hu_HU'), 'Reni és Adrián fotók']
IO - speech.speech.speak (20:31:19.526) - MainThread (15848):
Speaking [LangChangeCommand ('hu_HU'), 'ssp']
IO - speech.speech.speak (20:31:19.540) - MainThread (15848):
Speaking [LangChangeCommand ('hu_HU'), 'OneDrive - Personal']
IO - speech.speech.speak (20:31:19.608) - MainThread (15848):
Speaking [LangChangeCommand ('hu_HU'), '3D objektumok']
IO - speech.speech.speak (20:31:19.659) - MainThread (15848):
Speaking [LangChangeCommand ('hu_HU'), 'Asztal']
IO - speech.speech.speak (20:31:19.710) - MainThread (15848):
Speaking [LangChangeCommand ('hu_HU'), 'Dokumentumok']
IO - speech.speech.speak (20:31:19.777) - MainThread (15848):
Speaking [LangChangeCommand ('hu_HU'), 'Részletek ablaktábla']
IO - speech.speech.speak (20:31:19.833) - MainThread (15848):
Speaking [LangChangeCommand ('hu_HU'), 'Névtelen.png']
IO - speech.speech.speak (20:31:19.859) - MainThread (15848):
Speaking [LangChangeCommand ('hu_HU'), 'Névtelen.png']
IO - speech.speech.speak (20:31:20.097) - MainThread (15848):
Speaking [LangChangeCommand ('hu_HU'), 'Fájlnév:', 'kombinált listamező', 'Zárva', CancellableSpeech (still valid)]
IO - speech.speech.speak (20:31:20.097) - MainThread (15848):
Speaking [LangChangeCommand ('hu_HU'), 'szerkesztőmező', 'Alt+', CharacterModeCommand(True), 'l', CharacterModeCommand(False), CancellableSpeech (still valid), 'Névtelen.png Kijelölve']
IO - inputCore.InputManager.executeGesture (20:31:20.259) - winInputHook (5784):
Input: kb(desktop):g
IO - speech.speech.speak (20:31:20.269) - MainThread (15848):
Speaking [CharacterModeCommand(True), LangChangeCommand ('hu_HU'), 'g', EndUtteranceCommand()]
IO - speech.speech.speak (20:31:20.305) - MainThread (15848):
Speaking [LangChangeCommand ('hu_HU'), 'g']
IO - inputCore.InputManager.executeGesture (20:31:20.327) - winInputHook (5784):
Input: kb(desktop):a
IO - speech.speech.speak (20:31:20.353) - MainThread (15848):
Speaking [CharacterModeCommand(True), LangChangeCommand ('hu_HU'), 'a', EndUtteranceCommand()]
IO - speech.speech.speak (20:31:20.353) - MainThread (15848):
Speaking [LangChangeCommand ('hu_HU'), 'a kijelölés törölve']
IO - speech.speech.speak (20:31:20.359) - MainThread (15848):
Speaking [LangChangeCommand ('hu_HU'), 'Fájl típusa: PNG (*.png)']
IO - speech.speech.speak (20:31:20.445) - MainThread (15848):
Speaking [LangChangeCommand ('hu_HU'), 'Részletek ablaktábla']
IO - inputCore.InputManager.executeGesture (20:31:20.470) - winInputHook (5784):
Input: kb(desktop):g
IO - speech.speech.speak (20:31:20.715) - MainThread (15848):
Speaking [LangChangeCommand ('hu_HU'), 'Mentés másként']
IO - speech.speech.speak (20:31:20.729) - MainThread (15848):
Speaking [CharacterModeCommand(True), LangChangeCommand ('hu_HU'), 'g', EndUtteranceCommand()]
IO - speech.speech.speak (20:31:21.174) - MainThread (15848):
Speaking [LangChangeCommand ('hu_HU'), 'Mentés', 'gomb', 'lenyomva', 'Alt+', CharacterModeCommand(True), 'e', CharacterModeCommand(False), CancellableSpeech (still valid)]
IO - speech.speech.speak (20:31:21.174) - MainThread (15848):
Speaking [LangChangeCommand ('hu_HU'), 'Mentés']
IO - speech.speech.speak (20:31:21.419) - MainThread (15848):
Speaking [LangChangeCommand ('hu_HU'), 'gag.png - Paint', 'ablak', CancellableSpeech (still valid)]
IO - speech.speech.speak (20:31:21.419) - MainThread (15848):
Speaking [LangChangeCommand ('hu_HU'), 'Kijelölés eszköz használata ezen: Vászon', CancellableSpeech (still valid)]
DEBUGWARNING - UIAHandler.UIAHandler.getNearestWindowHandle (20:31:21.419) - Dummy-2 (7256):
error walking up to an element with a valid windowHandle
Traceback (most recent call last):
  File "UIAHandler\__init__.pyc", line 1343, in getNearestWindowHandle
_ctypes.COMError: (-2147220991, 'Az esemény nem tudott meghívni előfizetőt', (None, None, None, 0, None))
DEBUGWARNING - UIAHandler.UIAHandler.getNearestWindowHandle (20:31:21.419) - Dummy-2 (7256):
error walking up to an element with a valid windowHandle
Traceback (most recent call last):
  File "UIAHandler\__init__.pyc", line 1343, in getNearestWindowHandle
_ctypes.COMError: (-2147220991, 'Az esemény nem tudott meghívni előfizetőt', (None, None, None, 0, None))
DEBUGWARNING - UIAHandler.UIAHandler.getNearestWindowHandle (20:31:21.419) - Dummy-2 (7256):
error walking up to an element with a valid windowHandle
Traceback (most recent call last):
  File "UIAHandler\__init__.pyc", line 1343, in getNearestWindowHandle
_ctypes.COMError: (-2147220991, 'Az esemény nem tudott meghívni előfizetőt', (None, None, None, 0, None))
DEBUGWARNING - UIAHandler.UIAHandler.getNearestWindowHandle (20:31:21.429) - Dummy-2 (7256):
error walking up to an element with a valid windowHandle
Traceback (most recent call last):
  File "UIAHandler\__init__.pyc", line 1343, in getNearestWindowHandle
_ctypes.COMError: (-2147220991, 'Az esemény nem tudott meghívni előfizetőt', (None, None, None, 0, None))
DEBUGWARNING - NVDAObjects.NVDAObject.event_liveRegionChange (20:31:21.459) - MainThread (15848):
Processing live region event for object with live politeness set to 'OFF'
IO - speech.speech.speak (20:31:21.459) - MainThread (15848):
Speaking [LangChangeCommand ('hu_HU'), 'A fájl sikeresen mentve']
IO - speech.speech.speak (20:31:21.788) - MainThread (15848):
Speaking [LangChangeCommand ('hu_HU'), 'Kezdőlap']
IO - speech.speech.speak (20:31:21.854) - MainThread (15848):
Speaking [LangChangeCommand ('hu_HU'), 'Kitöltés Az alakzat kitöltésének felhordására használt eszköz kijelölése.']
IO - speech.speech.speak (20:31:21.883) - MainThread (15848):
Speaking [LangChangeCommand ('hu_HU'), 'Körvonal Az alakzat körvonalának felhordására használt eszköz kijelölése.']
IO - speech.speech.speak (20:31:21.919) - MainThread (15848):
Speaking [LangChangeCommand ('hu_HU'), 'Alakzatok Group']
DEBUGWARNING - UIAHandler.UIAHandler.getNearestWindowHandle (20:31:21.934) - Dummy-2 (7256):
error walking up to an element with a valid windowHandle
Traceback (most recent call last):
  File "UIAHandler\__init__.pyc", line 1343, in getNearestWindowHandle
_ctypes.COMError: (-2147220991, 'Az esemény nem tudott meghívni előfizetőt', (None, None, None, 0, None))
DEBUGWARNING - UIAHandler.UIAHandler.getNearestWindowHandle (20:31:21.939) - Dummy-2 (7256):
error walking up to an element with a valid windowHandle
Traceback (most recent call last):
  File "UIAHandler\__init__.pyc", line 1343, in getNearestWindowHandle
_ctypes.COMError: (-2147220991, 'Az esemény nem tudott meghívni előfizetőt', (None, None, None, 0, None))
DEBUGWARNING - UIAHandler.UIAHandler.getNearestWindowHandle (20:31:22.022) - Dummy-2 (7256):
error walking up to an element with a valid windowHandle
Traceback (most recent call last):
  File "UIAHandler\__init__.pyc", line 1343, in getNearestWindowHandle
_ctypes.COMError: (-2147220991, 'Az esemény nem tudott meghívni előfizetőt', (None, None, None, 0, None))
DEBUGWARNING - UIAHandler.UIAHandler.getNearestWindowHandle (20:31:22.029) - Dummy-2 (7256):
error walking up to an element with a valid windowHandle
Traceback (most recent call last):
  File "UIAHandler\__init__.pyc", line 1343, in getNearestWindowHandle
_ctypes.COMError: (-2147220991, 'Az esemény nem tudott meghívni előfizetőt', (None, None, None, 0, None))
IO - speech.speech.speak (20:31:22.359) - MainThread (15848):
Speaking [LangChangeCommand ('hu_HU'), 'gag.png - Paint']
DEBUGWARNING - NVDAObjects.IAccessible.IAccessible._getIA2RelationFirstTarget (20:31:22.422) - MainThread (15848):
Unable to use _getIA2TargetsForRelationsOfType, fallback to _IA2Relations.
IO - speech.speech.speak (20:31:22.444) - MainThread (15848):
Speaking [LangChangeCommand ('hu_HU'), 'Ötágú csillag']
DEBUGWARNING - NVDAObjects.IAccessible.IAccessible._getIA2RelationFirstTarget (20:31:22.482) - MainThread (15848):
Unable to use _getIA2TargetsForRelationsOfType, fallback to _IA2Relations.
IO - speech.speech.speak (20:31:22.779) - MainThread (15848):
Speaking [LangChangeCommand ('hu_HU'), 'Elhelyezés Az aktuális vízszintes pozíció jelzése. Közvetlenül lehet módosítani, ha odébb húzza']
IO - speech.speech.speak (20:31:22.825) - MainThread (15848):
Speaking [LangChangeCommand ('hu_HU'), 'Méret: 113,6KB']
IO - speech.speech.speak (20:31:22.885) - MainThread (15848):
Speaking [LangChangeCommand ('hu_HU'), 'Bővítménykezelő - Telepített bővítmények (mind) Intelligent Hungarian article reader that skips clutter']
IO - speech.speech.speak (20:31:22.960) - MainThread (15848):
Speaking [LangChangeCommand ('hu_HU'), 'Futó alkalmazások']
IO - speech.speech.speak (20:31:23.779) - MainThread (15848):
Speaking [LangChangeCommand ('hu_HU'), 'Bővítménykezelő - Telepített bővítmények (mind) Intelligent Hungarian article reader that skips clutter']
IO - speech.speech.speak (20:31:23.846) - MainThread (15848):
Speaking [LangChangeCommand ('hu_HU'), 'Futó alkalmazások']
IO - speech.speech.speak (20:31:23.983) - MainThread (15848):
Speaking [LangChangeCommand ('hu_HU'), 'Bővítménykezelő - Telepített bővítmények (mind) Intelligent Hungarian article reader that skips clutter']
IO - speech.speech.speak (20:31:24.256) - MainThread (15848):
Speaking [LangChangeCommand ('hu_HU'), 'Futó alkalmazások']
DEBUGWARNING - UIAHandler.UIAHandler.getNearestWindowHandle (20:31:24.388) - Dummy-2 (7256):
error walking up to an element with a valid windowHandle
Traceback (most recent call last):
  File "UIAHandler\__init__.pyc", line 1343, in getNearestWindowHandle
_ctypes.COMError: (-2147220991, 'Az esemény nem tudott meghívni előfizetőt', (None, None, None, 0, None))
DEBUGWARNING - UIAHandler.UIAHandler.getNearestWindowHandle (20:31:24.388) - Dummy-2 (7256):
error walking up to an element with a valid windowHandle
Traceback (most recent call last):
  File "UIAHandler\__init__.pyc", line 1343, in getNearestWindowHandle
_ctypes.COMError: (-2147220991, 'Az esemény nem tudott meghívni előfizetőt', (None, None, None, 0, None))
IO - speech.speech.speak (20:31:24.680) - MainThread (15848):
Speaking [LangChangeCommand ('hu_HU'), '452 millióért vett termőföldet Várkonyi Andrea – Mozilla Firefox', CancellableSpeech (still valid)]
IO - speech.speech.speak (20:31:24.732) - MainThread (15848):
Speaking [LangChangeCommand ('hu_HU'), '452 millióért vett termőföldet Várkonyi Andrea', 'dokumentum', CancellableSpeech (still valid)]
IO - speech.speech.speak (20:31:24.739) - MainThread (15848):
Speaking [LangChangeCommand ('hu_HU'), 'gomb', 'menu']
IO - speech.speech.speak (20:31:24.989) - MainThread (15848):
Speaking [LangChangeCommand ('hu_HU'), 'HIRDETÉS']
IO - speech.speech.speak (20:31:25.106) - MainThread (15848):
Speaking [LangChangeCommand ('hu_HU'), '2025. július 10. 17:52 ']
IO - speech.speech.speak (20:31:25.619) - MainThread (15848):
Speaking [LangChangeCommand ('hu_HU'), '452 millióért vett termőföldet Várkonyi Andrea']
IO - speech.speech.speak (20:31:25.790) - MainThread (15848):
Speaking [LangChangeCommand ('hu_HU'), 'Tucanproject']
IO - speech.speech.speak (20:31:25.818) - MainThread (15848):
Speaking [LangChangeCommand ('hu_HU'), 'Navigáció']
IO - speech.speech.speak (20:31:25.903) - MainThread (15848):
Speaking [LangChangeCommand ('hu_HU'), 'Beérkező levelek (575) - fekete.monika.1971@gmail.com - Gmail']
IO - speech.speech.speak (20:31:26.405) - MainThread (15848):
Speaking [LangChangeCommand ('hu_HU'), 'Beérkező levelek (575) - fekete.monika.1971@gmail.com - Gmail', CancellableSpeech (still valid)]
IO - speech.speech.speak (20:31:26.405) - MainThread (15848):
Speaking [CallbackCommand(name=say-all:lineReached), LangChangeCommand ('hu_HU'), 'kattintható', 'A melléklet (nvda.log) hozzáadva.']
IO - speech.speech.speak (20:31:26.718) - MainThread (15848):
Speaking [LangChangeCommand ('hu_HU'), 'mail.google.com/mail/u/0/#inbox']
IO - speech.speech.speak (20:31:26.746) - MainThread (15848):
Speaking [LangChangeCommand ('hu_HU'), 'Tucanproject']
IO - speech.speech.speak (20:31:26.764) - MainThread (15848):
Speaking [LangChangeCommand ('hu_HU'), 'https://www.szamlazz.hu/szamla/main']
IO - speech.speech.speak (20:31:27.278) - MainThread (15848):
Speaking [LangChangeCommand ('hu_HU'), 'Elsődleges']
IO - speech.speech.speak (20:31:27.699) - MainThread (15848):
Speaking [LangChangeCommand ('hu_HU'), 'Levélírás']
IO - speech.speech.speak (20:31:29.996) - MainThread (15848):
Speaking [LangChangeCommand ('hu_HU'), 'kattintható', 'navigáció jelzőpont', 'Levélírás', 'gomb']
IO - speech.speech.speak (20:31:30.271) - MainThread (15848):
Speaking [LangChangeCommand ('hu_HU'), '575']
IO - speech.speech.speak (20:31:30.791) - MainThread (15848):
Speaking [LangChangeCommand ('hu_HU'), 'Levélírás: Új üzenet', 'párbeszédpanel', CancellableSpeech (still valid)]
IO - speech.speech.speak (20:31:30.793) - MainThread (15848):
Speaking [LangChangeCommand ('hu_HU'), 'Új üzenet', 'Terület', CancellableSpeech (still valid)]
IO - speech.speech.speak (20:31:30.797) - MainThread (15848):
Speaking [LangChangeCommand ('hu_HU'), 'Keresőmező', 'lista', CancellableSpeech (still valid)]
IO - speech.speech.speak (20:31:30.932) - MainThread (15848):
Speaking [LangChangeCommand ('hu_HU'), 'Levélírás: Új üzenet', 'párbeszédpanel', CancellableSpeech (still valid)]
IO - speech.speech.speak (20:31:30.934) - MainThread (15848):
Speaking [LangChangeCommand ('hu_HU'), 'Új üzenet', 'Terület', CancellableSpeech (still valid)]
IO - speech.speech.speak (20:31:30.948) - MainThread (15848):
Speaking [LangChangeCommand ('hu_HU'), 'Keresőmező', 'lista', CancellableSpeech (still valid)]
IO - inputCore.InputManager.executeGesture (20:31:30.954) - winInputHook (5784):
Input: kb(desktop):d
IO - speech.speech.speak (20:31:30.956) - MainThread (15848):
Speaking [LangChangeCommand ('hu_HU'), 'Címzettek', 'kombinált listamező', 'Zárva', 'Automatikus kiegészítés', 'szerkeszthető', 'None kijelölve', CancellableSpeech (still valid), 'üres']
IO - speech.speech.speak (20:31:31.138) - MainThread (15848):
Speaking [LangChangeCommand ('hu_HU'), 'drlaza']
IO - speech.speech.speak (20:31:31.160) - MainThread (15848):
Speaking [CharacterModeCommand(True), LangChangeCommand ('hu_HU'), 'd', EndUtteranceCommand()]
IO - speech.speech.speak (20:31:31.204) - MainThread (15848):
Speaking [LangChangeCommand ('hu_HU'), 'gomb', 'Levélírás']
IO - speech.speech.speak (20:31:31.221) - MainThread (15848):
Speaking [LangChangeCommand ('hu_HU'), 'd', 'lista', CancellableSpeech (still valid)]
IO - speech.speech.speak (20:31:31.223) - MainThread (15848):
Speaking [LangChangeCommand ('hu_HU'), 'drlaza drlaza@protonmail.com', 'Nincs kijelölve', '1 per 8', CancellableSpeech (still valid)]
IO - speech.speech.speak (20:31:31.338) - MainThread (15848):
Speaking [LangChangeCommand ('hu_HU'), 'drlaza']
IO - speech.speech.speak (20:31:31.862) - MainThread (15848):
Speaking [LangChangeCommand ('hu_HU'), 'Címzettek', 'kombinált listamező', 'Zárva', 'Automatikus kiegészítés', 'szerkeszthető', '1 kijelölve', CancellableSpeech (still valid), 'üres']
DEBUGWARNING - NVDAObjects.IAccessible.IAccessible._get_IAccessibleRole (20:31:32.574) - MainThread (15848):
accRole failed: (-2147220995, 'Az objektum nincs kiszolgálóhoz csatlakoztatva', (None, None, None, 0, None))
DEBUGWARNING - NVDAObjects.IAccessible.IAccessible._get_IA2Attributes (20:31:32.576) - MainThread (15848):
IAccessibleObject.attributes COMError (-2147220995, 'Az objektum nincs kiszolgálóhoz csatlakoztatva', (None, None, None, 0, None))
IO - speech.speech.speak (20:31:32.591) - MainThread (15848):
Speaking [LangChangeCommand ('hu_HU'), 'Üzenet törzse', 'szerkesztőmező', 'Zárva', 'többsoros', CancellableSpeech (still valid), 'üres']
IO - speech.speech.speak (20:31:33.862) - MainThread (15848):
Speaking [LangChangeCommand ('hu_HU'), 'Elemek nézete']
IO - speech.speech.speak (20:31:34.329) - MainThread (15848):
Speaking [LangChangeCommand ('hu_HU'), 'Fájl feltöltése', 'párbeszédpanel', 'Fájlnév:', CancellableSpeech (still valid)]
IO - speech.speech.speak (20:31:34.331) - MainThread (15848):
Speaking [LangChangeCommand ('hu_HU'), 'Fájlnév:', 'kombinált listamező', 'Zárva', CancellableSpeech (still valid)]
IO - speech.speech.speak (20:31:34.339) - MainThread (15848):
Speaking [LangChangeCommand ('hu_HU'), 'szerkesztőmező', 'Alt+', CharacterModeCommand(True), 'l', CharacterModeCommand(False), CancellableSpeech (still valid), 'üres']
IO - speech.speech.speak (20:31:34.359) - MainThread (15848):
Speaking [LangChangeCommand ('hu_HU'), 'Letöltések (kitűzve)']
IO - speech.speech.speak (20:31:34.413) - MainThread (15848):
Speaking [LangChangeCommand ('hu_HU'), 'Asztal (kitűzve)']
IO - speech.speech.speak (20:31:34.496) - MainThread (15848):
Speaking [LangChangeCommand ('hu_HU'), 'Név nvda.log']
IO - speech.speech.speak (20:31:34.857) - MainThread (15848):
Speaking [LangChangeCommand ('hu_HU'), 'Név gag.png']
DEBUGWARNING - NVDAObjects.UIA.UIA._prefetchUIACacheForPropertyIDs (20:31:35.318) - MainThread (15848):
IUIAutomationElement.buildUpdatedCache failed given IDs of {30019, 30086, 30022, 30025, 30155, 30138, 30036, 30070, 30103, 30008, 30009, 30010, 30046, 30079}
DEBUGWARNING - eventHandler.executeEvent (20:31:35.318) - MainThread (15848):
error executing event: focusEntered on <NVDAObjects.UIA.UIA object at 0x014BD690> with extra args of {}
Traceback (most recent call last):
  File "eventHandler.pyc", line 353, in executeEvent
  File "eventHandler.pyc", line 119, in __init__
  File "eventHandler.pyc", line 128, in next
  File "NVDAObjects\__init__.pyc", line 1362, in event_focusEntered
  File "baseObject.pyc", line 59, in __get__
  File "baseObject.pyc", line 167, in _getPropertyViaCache
  File "NVDAObjects\__init__.pyc", line 1168, in _get_isPresentableFocusAncestor
  File "baseObject.pyc", line 59, in __get__
  File "baseObject.pyc", line 167, in _getPropertyViaCache
  File "NVDAObjects\UIA\__init__.pyc", line 2020, in _get_presentationType
  File "baseObject.pyc", line 59, in __get__
  File "baseObject.pyc", line 167, in _getPropertyViaCache
  File "NVDAObjects\__init__.pyc", line 909, in _get_presentationType
  File "baseObject.pyc", line 59, in __get__
  File "baseObject.pyc", line 167, in _getPropertyViaCache
  File "NVDAObjects\UIA\__init__.pyc", line 1912, in _get_states
  File "NVDAObjects\UIA\__init__.pyc", line 1157, in _getUIACacheablePropertyValue
_ctypes.COMError: (-2147220991, 'Az esemény nem tudott meghívni előfizetőt', (None, None, None, 0, None))
DEBUGWARNING - NVDAObjects.UIA.UIA._prefetchUIACacheForPropertyIDs (20:31:35.320) - MainThread (15848):
IUIAutomationElement.buildUpdatedCache failed given IDs of {30019, 30086, 30022, 30025, 30155, 30138, 30036, 30070, 30103, 30008, 30009, 30010, 30046, 30079}
DEBUGWARNING - eventHandler.executeEvent (20:31:35.320) - MainThread (15848):
error executing event: focusEntered on <NVDAObjects.UIA.UIA object at 0x0B4A9E70> with extra args of {}
Traceback (most recent call last):
  File "eventHandler.pyc", line 353, in executeEvent
  File "eventHandler.pyc", line 119, in __init__
  File "eventHandler.pyc", line 128, in next
  File "NVDAObjects\__init__.pyc", line 1362, in event_focusEntered
  File "baseObject.pyc", line 59, in __get__
  File "baseObject.pyc", line 167, in _getPropertyViaCache
  File "NVDAObjects\__init__.pyc", line 1168, in _get_isPresentableFocusAncestor
  File "baseObject.pyc", line 59, in __get__
  File "baseObject.pyc", line 167, in _getPropertyViaCache
  File "NVDAObjects\UIA\__init__.pyc", line 2020, in _get_presentationType
  File "baseObject.pyc", line 59, in __get__
  File "baseObject.pyc", line 167, in _getPropertyViaCache
  File "NVDAObjects\__init__.pyc", line 909, in _get_presentationType
  File "baseObject.pyc", line 59, in __get__
  File "baseObject.pyc", line 167, in _getPropertyViaCache
  File "NVDAObjects\UIA\__init__.pyc", line 1912, in _get_states
  File "NVDAObjects\UIA\__init__.pyc", line 1157, in _getUIACacheablePropertyValue
_ctypes.COMError: (-2147220991, 'Az esemény nem tudott meghívni előfizetőt', (None, None, None, 0, None))
DEBUGWARNING - NVDAObjects.UIA.UIA._prefetchUIACacheForPropertyIDs (20:31:35.322) - MainThread (15848):
IUIAutomationElement.buildUpdatedCache failed given IDs of {30019, 30086, 30022, 30025, 30155, 30138, 30036, 30070, 30103, 30008, 30009, 30010, 30046, 30079}
DEBUGWARNING - eventHandler.executeEvent (20:31:35.322) - MainThread (15848):
error executing event: focusEntered on <NVDAObjects.UIA.UIA object at 0x014DC950> with extra args of {}
Traceback (most recent call last):
  File "eventHandler.pyc", line 353, in executeEvent
  File "eventHandler.pyc", line 119, in __init__
  File "eventHandler.pyc", line 128, in next
  File "NVDAObjects\__init__.pyc", line 1362, in event_focusEntered
  File "baseObject.pyc", line 59, in __get__
  File "baseObject.pyc", line 167, in _getPropertyViaCache
  File "NVDAObjects\__init__.pyc", line 1168, in _get_isPresentableFocusAncestor
  File "baseObject.pyc", line 59, in __get__
  File "baseObject.pyc", line 167, in _getPropertyViaCache
  File "NVDAObjects\UIA\__init__.pyc", line 2020, in _get_presentationType
  File "baseObject.pyc", line 59, in __get__
  File "baseObject.pyc", line 167, in _getPropertyViaCache
  File "NVDAObjects\__init__.pyc", line 909, in _get_presentationType
  File "baseObject.pyc", line 59, in __get__
  File "baseObject.pyc", line 167, in _getPropertyViaCache
  File "NVDAObjects\UIA\__init__.pyc", line 1912, in _get_states
  File "NVDAObjects\UIA\__init__.pyc", line 1157, in _getUIACacheablePropertyValue
_ctypes.COMError: (-2147220991, 'Az esemény nem tudott meghívni előfizetőt', (None, None, None, 0, None))
DEBUGWARNING - NVDAObjects.UIA.UIA._prefetchUIACacheForPropertyIDs (20:31:35.324) - MainThread (15848):
IUIAutomationElement.buildUpdatedCache failed given IDs of {30019, 30086, 30022, 30025, 30155, 30138, 30036, 30070, 30103, 30008, 30009, 30010, 30046, 30079}
DEBUGWARNING - eventHandler.executeEvent (20:31:35.326) - MainThread (15848):
error executing event: focusEntered on <NVDAObjects.UIA.UIA object at 0x014EE4D0> with extra args of {}
Traceback (most recent call last):
  File "eventHandler.pyc", line 353, in executeEvent
  File "eventHandler.pyc", line 119, in __init__
  File "eventHandler.pyc", line 128, in next
  File "NVDAObjects\__init__.pyc", line 1362, in event_focusEntered
  File "baseObject.pyc", line 59, in __get__
  File "baseObject.pyc", line 167, in _getPropertyViaCache
  File "NVDAObjects\__init__.pyc", line 1168, in _get_isPresentableFocusAncestor
  File "baseObject.pyc", line 59, in __get__
  File "baseObject.pyc", line 167, in _getPropertyViaCache
  File "NVDAObjects\UIA\__init__.pyc", line 2020, in _get_presentationType
  File "baseObject.pyc", line 59, in __get__
  File "baseObject.pyc", line 167, in _getPropertyViaCache
  File "NVDAObjects\__init__.pyc", line 909, in _get_presentationType
  File "baseObject.pyc", line 59, in __get__
  File "baseObject.pyc", line 167, in _getPropertyViaCache
  File "NVDAObjects\UIA\__init__.pyc", line 1912, in _get_states
  File "NVDAObjects\UIA\__init__.pyc", line 1157, in _getUIACacheablePropertyValue
_ctypes.COMError: (-2147220991, 'Az esemény nem tudott meghívni előfizetőt', (None, None, None, 0, None))
DEBUGWARNING - NVDAObjects.UIA.UIA._prefetchUIACacheForPropertyIDs (20:31:35.328) - MainThread (15848):
IUIAutomationElement.buildUpdatedCache failed given IDs of {30019, 30086, 30022, 30025, 30155, 30138, 30036, 30070, 30103, 30008, 30009, 30010, 30046, 30079}
DEBUGWARNING - eventHandler.executeEvent (20:31:35.328) - MainThread (15848):
error executing event: gainFocus on <NVDAObjects.Dynamic_UIItemListItemUIA object at 0x014DCFF0> with extra args of {}
Traceback (most recent call last):
  File "eventHandler.pyc", line 353, in executeEvent
  File "eventHandler.pyc", line 119, in __init__
  File "eventHandler.pyc", line 128, in next
  File "NVDAObjects\UIA\__init__.pyc", line 1570, in event_gainFocus
  File "NVDAObjects\__init__.pyc", line 1369, in event_gainFocus
  File "NVDAObjects\__init__.pyc", line 1205, in reportFocus
  File "speech\speech.pyc", line 801, in speakObject
  File "speech\speech.pyc", line 841, in getObjectSpeech
  File "speech\speech.pyc", line 692, in getObjectPropertiesSpeech
  File "baseObject.pyc", line 59, in __get__
  File "baseObject.pyc", line 167, in _getPropertyViaCache
  File "NVDAObjects\UIA\__init__.pyc", line 1912, in _get_states
  File "NVDAObjects\UIA\__init__.pyc", line 1157, in _getUIACacheablePropertyValue
_ctypes.COMError: (-2147220991, 'Az esemény nem tudott meghívni előfizetőt', (None, None, None, 0, None))
DEBUGWARNING - eventHandler.executeEvent (20:31:35.330) - MainThread (15848):
error executing event: UIA_elementSelected on <NVDAObjects.Dynamic_UIItemListItemUIA object at 0x014F7D90> with extra args of {}
Traceback (most recent call last):
  File "eventHandler.pyc", line 353, in executeEvent
  File "eventHandler.pyc", line 119, in __init__
  File "eventHandler.pyc", line 128, in next
  File "NVDAObjects\UIA\__init__.pyc", line 2407, in event_UIA_elementSelected
  File "NVDAObjects\__init__.pyc", line 1319, in event_selection
  File "baseObject.pyc", line 59, in __get__
  File "baseObject.pyc", line 167, in _getPropertyViaCache
  File "NVDAObjects\UIA\__init__.pyc", line 2365, in _get_controllerFor
  File "NVDAObjects\UIA\__init__.pyc", line 1157, in _getUIACacheablePropertyValue
_ctypes.COMError: (-2147220991, 'Az esemény nem tudott meghívni előfizetőt', (None, None, None, 0, None))
IO - speech.speech.speak (20:31:35.368) - MainThread (15848):
Speaking [LangChangeCommand ('hu_HU'), 'Beérkező levelek (575) - fekete.monika.1971@gmail.com - Gmail – Mozilla Firefox', CancellableSpeech (still valid)]
IO - speech.speech.speak (20:31:35.681) - MainThread (15848):
Speaking [LangChangeCommand ('hu_HU'), 'Beérkező levelek (575) - fekete.monika.1971@gmail.com - Gmail', 'dokumentum', CancellableSpeech (still valid)]
IO - speech.speech.speak (20:31:35.687) - MainThread (15848):
Speaking [LangChangeCommand ('hu_HU'), 'Levélírás: Piszkozat mentése…', 'párbeszédpanel', CancellableSpeech (still valid)]
IO - speech.speech.speak (20:31:35.691) - MainThread (15848):
Speaking [LangChangeCommand ('hu_HU'), 'Új üzenet', 'Terület', CancellableSpeech (still valid)]
IO - speech.speech.speak (20:31:35.707) - MainThread (15848):
Speaking [LangChangeCommand ('hu_HU'), 'Üzenet törzse', 'szerkesztőmező', 'Zárva', 'többsoros', CancellableSpeech (still valid), 'üres']
IO - tones.beep (20:31:35.961) - MainThread (15848):
Beep at pitch 766.0844957005892, for 40 ms, left volume 50, right volume 50
IO - inputCore.InputManager.executeGesture (20:31:36.700) - winInputHook (5784):
Input: kb(desktop):NVDA+f1
INFO - globalCommands.script_navigatorObject_devInfo (20:31:36.797) - MainThread (15848):
Developer info for navigator object:
name: 'Üzenet törzse'
role: EDITABLETEXT
processID: 6160
roleText: None
states: COLLAPSED, FOCUSABLE, FOCUSED, MULTILINE, EDITABLE
isFocusable: True
hasFocus: True
Python object: <NVDAObjects.Dynamic_EditableTextWithAutoSelectDetectionEditorMozillaIAccessible object at 0x014BD970>
Python class mro: (<class 'NVDAObjects.Dynamic_EditableTextWithAutoSelectDetectionEditorMozillaIAccessible'>, <class 'NVDAObjects.behaviors.EditableTextWithAutoSelectDetection'>, <class 'NVDAObjects.behaviors.EditableText'>, <class 'NVDAObjects.behaviors.EditableTextWithSuggestions'>, <class 'NVDAObjects.behaviors.InputFieldWithSuggestions'>, <class 'NVDAObjects.behaviors.EditableTextBase'>, <class 'editableText.EditableText'>, <class 'NVDAObjects.IAccessible.ia2Web.Editor'>, <class 'NVDAObjects.IAccessible.mozilla.Mozilla'>, <class 'NVDAObjects.IAccessible.ia2Web.Ia2Web'>, <class 'NVDAObjects.IAccessible.IAccessible'>, <class 'NVDAObjects.window.Window'>, <class 'NVDAObjects.NVDAObject'>, <class 'documentBase.DocumentWithTableNavigation'>, <class 'documentBase.TextContainerObject'>, <class 'baseObject.ScriptableObject'>, <class 'baseObject.AutoPropertyObject'>, <class 'garbageHandler.TrackedObject'>, <class 'object'>)
description: ''
location: RectLTWH(left=1205, top=547, width=620, height=327)
value: None
TextInfo: <class 'NVDAObjects.IAccessible.ia2TextMozilla.MozillaCompoundTextInfo'>
appModule: AppModule(appModuleHandler, appName='firefox', processID=6160)
appModule.productName: 'Firefox'
appModule.productVersion: '140.0.4'
appModule.helperLocalBindingHandle: c_long(111734328)
appModule.appArchitecture: 'AMD64'
windowHandle: 393826
windowClassName: 'MozillaWindowClass'
windowControlID: 0
windowStyle: 399441920
extendedWindowStyle: 256
windowThreadID: 6268
windowText: 'Beérkező levelek (575) - fekete.monika.1971@gmail.com - Gmail – Mozilla Firefox'
displayText: ''
IAccessibleObject: <POINTER(IAccessible2) ptr=0x6deaf74 at 14b1b70>
IAccessibleChildID: 0
IAccessible event parameters: windowHandle=393826, objectID=-4, childID=-6796
IAccessible accName: 'Üzenet törzse'
IAccessible accRole: ROLE_SYSTEM_TEXT
IAccessible accState: STATE_SYSTEM_FOCUSED, STATE_SYSTEM_COLLAPSED, STATE_SYSTEM_FOCUSABLE, STATE_SYSTEM_VALID (1049604)
IAccessible accDescription: ''
IAccessible accValue: None
IAccessible2 windowHandle: 393826
IAccessible2 uniqueID: -6796
IAccessible2 role: ROLE_SYSTEM_TEXT
IAccessible2 states: IA2_STATE_OPAQUE, IA2_STATE_MULTI_LINE, IA2_STATE_SELECTABLE_TEXT, IA2_STATE_EDITABLE (5640)
IAccessible2 attributes: 'xml-roles:textbox;explicit-name:true;id:\\:19i;tag:div;class:Am aiL Al editable LW-avf tS-tW;display:block;'
IAccessible2 relations: containingTabPane * 1
DEBUGWARNING - UIAHandler.UIAHandler.getNearestWindowHandle (20:31:36.831) - Dummy-2 (7256):
error walking up to an element with a valid windowHandle
Traceback (most recent call last):
  File "UIAHandler\__init__.pyc", line 1343, in getNearestWindowHandle
_ctypes.COMError: (-2147467259, 'Meghatározatlan hiba', (None, None, None, 0, None))
IO - speech.speech.speak (20:31:36.861) - MainThread (15848):
Speaking [LangChangeCommand ('hu_HU'), 'Az NVDA napló megtekintése', CancellableSpeech (still valid)]
IO - speech.speech.speak (20:31:36.863) - MainThread (15848):
Speaking [LangChangeCommand ('hu_HU'), 'szerkesztőmező', 'csak olvasható', 'többsoros', CancellableSpeech (still valid), 'INFO - globalCommands.script_navigatorObject_devInfo (20:31:36.797) - MainThread (15848):\r']
IO - speech.speech.speak (20:31:36.935) - MainThread (15848):
Speaking [LangChangeCommand ('hu_HU'), 'hasFocus: True\r']
IO - speech.speech.speak (20:31:37.092) - MainThread (15848):
Speaking [LangChangeCommand ('hu_HU'), 'states: COLLAPSED, FOCUSABLE, FOCUSED, MULTILINE, EDITABLE\r']
IO - speech.speech.speak (20:31:37.116) - MainThread (15848):
Speaking [LangChangeCommand ('hu_HU'), 'role: EDITABLETEXT\r']
IO - speech.speech.speak (20:31:37.132) - MainThread (15848):
Speaking [LangChangeCommand ('hu_HU'), "name: 'Üzenet törzse'\r"]
IO - speech.speech.speak (20:31:37.146) - MainThread (15848):
Speaking [LangChangeCommand ('hu_HU'), 'Developer info for navigator object:\r']
IO - speech.speech.speak (20:31:37.162) - MainThread (15848):
Speaking [LangChangeCommand ('hu_HU'), 'Input: kb(desktop):NVDA+f1\r']
IO - speech.speech.speak (20:31:37.178) - MainThread (15848):
Speaking [LangChangeCommand ('hu_HU'), 'IO - inputCore.InputManager.executeGesture (20:31:36.700) - winInputHook (5784):\r']
IO - speech.speech.speak (20:31:37.196) - MainThread (15848):
Speaking [LangChangeCommand ('hu_HU'), 'Beep at pitch 766.0844957005892, for 40 ms, left volume 50, right volume 50\r']
IO - speech.speech.speak (20:31:37.224) - MainThread (15848):
Speaking [LangChangeCommand ('hu_HU'), "Speaking [LangChangeCommand ('hu_HU'), 'Üzenet törzse', 'szerkesztőmező', 'Zárva', 'többsoros', CancellableSpeech (still valid), 'üres']\r"]
IO - speech.speech.speak (20:31:37.280) - MainThread (15848):
Speaking [LangChangeCommand ('hu_HU'), 'IO - speech.speech.speak (20:31:35.707) - MainThread (15848):\r']
IO - speech.speech.speak (20:31:37.710) - MainThread (15848):
Speaking [LangChangeCommand ('hu_HU'), "Speaking [LangChangeCommand ('hu_HU'), 'Új üzenet', 'Terület', CancellableSpeech (still valid)]\r"]
IO - speech.speech.speak (20:31:37.726) - MainThread (15848):
Speaking [LangChangeCommand ('hu_HU'), "Speaking [LangChangeCommand ('hu_HU'), 'Levélírás: Piszkozat mentése…', 'párbeszédpanel', CancellableSpeech (still valid)]\r"]
IO - speech.speech.speak (20:31:37.758) - MainThread (15848):
Speaking [LangChangeCommand ('hu_HU'), "Speaking [LangChangeCommand ('hu_HU'), 'Beérkező levelek (575) - fekete.monika.1971@gmail.com - Gmail', 'dokumentum', CancellableSpeech (still valid)]\r"]
IO - speech.speech.speak (20:31:37.774) - MainThread (15848):
Speaking [LangChangeCommand ('hu_HU'), "Speaking [LangChangeCommand ('hu_HU'), 'Beérkező levelek (575) - fekete.monika.1971@gmail.com - Gmail – Mozilla Firefox', CancellableSpeech (still valid)]\r"]
IO - speech.speech.speak (20:31:37.790) - MainThread (15848):
Speaking [LangChangeCommand ('hu_HU'), '  File "NVDAObjects\\UIA\\__init__.pyc", line 1157, in _getUIACacheablePropertyValue\r']
IO - speech.speech.speak (20:31:37.808) - MainThread (15848):
Speaking [LangChangeCommand ('hu_HU'), '  File "baseObject.pyc", line 167, in _getPropertyViaCache\r']
IO - speech.speech.speak (20:31:37.822) - MainThread (15848):
Speaking [LangChangeCommand ('hu_HU'), '  File "NVDAObjects\\__init__.pyc", line 1319, in event_selection\r']
IO - speech.speech.speak (20:31:37.838) - MainThread (15848):
Speaking [LangChangeCommand ('hu_HU'), '  File "NVDAObjects\\UIA\\__init__.pyc", line 2407, in event_UIA_elementSelected\r']
IO - speech.speech.speak (20:31:37.854) - MainThread (15848):
Speaking [LangChangeCommand ('hu_HU'), '  File "eventHandler.pyc", line 128, in next\r']
IO - speech.speech.speak (20:31:37.870) - MainThread (15848):
Speaking [LangChangeCommand ('hu_HU'), '  File "eventHandler.pyc", line 119, in __init__\r']
IO - speech.speech.speak (20:31:37.887) - MainThread (15848):
Speaking [LangChangeCommand ('hu_HU'), '  File "eventHandler.pyc", line 353, in executeEvent\r']
IO - speech.speech.speak (20:31:37.919) - MainThread (15848):
Speaking [LangChangeCommand ('hu_HU'), 'Traceback (most recent call last):\r']
IO - speech.speech.speak (20:31:37.933) - MainThread (15848):
Speaking [LangChangeCommand ('hu_HU'), 'Alkalmazás Az aktuális nézet vagy dokumentum manipulálására használatos parancsokat tartalmazza']
IO - speech.speech.speak (20:31:38.024) - MainThread (15848):
Speaking [LangChangeCommand ('hu_HU'), 'Az NVDA napló megtekintése']
IO - speech.speech.speak (20:31:38.191) - MainThread (15848):
Speaking [LangChangeCommand ('hu_HU'), 'Alkalmazás Az aktuális nézet vagy dokumentum manipulálására használatos parancsokat tartalmazza']
IO - speech.speech.speak (20:31:38.361) - MainThread (15848):
Speaking [LangChangeCommand ('hu_HU'), 'Napló']
IO - speech.speech.speak (20:31:38.552) - MainThread (15848):
Speaking [LangChangeCommand ('hu_HU'), 'Napló', 'almenü', 'Alt+', CharacterModeCommand(True), 'n', CharacterModeCommand(False), CancellableSpeech (still valid)]
IO - speech.speech.speak (20:31:38.792) - MainThread (15848):
Speaking [LangChangeCommand ('hu_HU'), 'Frissítés\tF5', CharacterModeCommand(True), 'f', CharacterModeCommand(False), CancellableSpeech (still valid)]
IO - speech.speech.speak (20:31:38.794) - MainThread (15848):
Speaking [LangChangeCommand ('hu_HU'), 'Frissítés\tF5']
IO - speech.speech.speak (20:31:39.577) - MainThread (15848):
Speaking [LangChangeCommand ('hu_HU'), 'Mentés másként...\tCtrl+S', CharacterModeCommand(True), 'm', CharacterModeCommand(False), CancellableSpeech (still valid)]
IO - speech.speech.speak (20:31:39.579) - MainThread (15848):
Speaking [LangChangeCommand ('hu_HU'), 'Mentés másként...\tCtrl+S']
IO - speech.speech.speak (20:31:40.296) - MainThread (15848):
Speaking [LangChangeCommand ('hu_HU'), 'Mentés Másként', 'párbeszédpanel', CancellableSpeech (still valid)]
IO - speech.speech.speak (20:31:40.298) - MainThread (15848):
Speaking [LangChangeCommand ('hu_HU'), 'Fájlnév:', 'kombinált listamező', 'Zárva', CancellableSpeech (still valid)]
IO - speech.speech.speak (20:31:40.300) - MainThread (15848):
Speaking [LangChangeCommand ('hu_HU'), 'szerkesztőmező', 'Alt+', CharacterModeCommand(True), 'l', CharacterModeCommand(False), CancellableSpeech (still valid), 'nvda.log Kijelölve']
DEBUGWARNING - NVDAObjects.IAccessible.IAccessible._getIA2RelationFirstTarget (20:31:40.300) - MainThread (15848):
Unable to use _getIA2TargetsForRelationsOfType, fallback to _IA2Relations.
IO - speech.speech.speak (20:31:40.306) - MainThread (15848):
Speaking [LangChangeCommand ('hu_HU'), ' Dolgozunk rajta...\n']
IO - speech.speech.speak (20:31:40.482) - MainThread (15848):
Speaking [LangChangeCommand ('hu_HU'), '  2025.  07.  10.   20:23\n']
IO - speech.speech.speak (20:31:40.939) - MainThread (15848):
Speaking [LangChangeCommand ('hu_HU'), ' nvda.log\n']
DEBUGWARNING - NVDAObjects.IAccessible.IAccessible._getIA2RelationFirstTarget (20:31:41.223) - MainThread (15848):
Unable to use _getIA2TargetsForRelationsOfType, fallback to _IA2Relations.
IO - speech.speech.speak (20:31:41.233) - MainThread (15848):
Speaking [LangChangeCommand ('hu_HU'), 'a kijelölés törölve']
IO - speech.speech.speak (20:31:41.315) - MainThread (15848):
Speaking [LangChangeCommand ('hu_HU'), 'Elemek nézete', 'lista', CancellableSpeech (still valid)]
IO - speech.speech.speak (20:31:41.317) - MainThread (15848):
Speaking [LangChangeCommand ('hu_HU'), 'nvda.log', CancellableSpeech (still valid)]
IO - speech.speech.speak (20:31:41.325) - MainThread (15848):
Speaking [LangChangeCommand ('hu_HU'), 'Elemek nézete', 'lista', CancellableSpeech (still valid)]
IO - speech.speech.speak (20:31:41.431) - MainThread (15848):
Speaking [LangChangeCommand ('hu_HU'), ' papaVoiceReader-1.0.1.nvda-addon\n']
IO - speech.speech.speak (20:31:41.457) - MainThread (15848):
Speaking [LangChangeCommand ('hu_HU'), 'Elemek nézete']
IO - speech.speech.speak (20:31:41.538) - MainThread (15848):
Speaking [LangChangeCommand ('hu_HU'), 'Részletek ablaktábla']
IO - speech.speech.speak (20:31:41.562) - MainThread (15848):
Speaking [LangChangeCommand ('hu_HU'), 'nvda.log']
IO - speech.speech.speak (20:31:41.597) - MainThread (15848):
Speaking [LangChangeCommand ('hu_HU'), 'Fájl típusa: Minden fájlt (*.*)']
IO - speech.speech.speak (20:31:41.615) - MainThread (15848):
Speaking [LangChangeCommand ('hu_HU'), 'Részletek ablaktábla']
IO - speech.speech.speak (20:31:41.697) - MainThread (15848):
Speaking [LangChangeCommand ('hu_HU'), 'Mentés Másként']
IO - speech.speech.speak (20:31:41.703) - MainThread (15848):
Speaking [LangChangeCommand ('hu_HU'), 'Mentés']
IO - speech.speech.speak (20:31:42.056) - MainThread (15848):
Speaking [LangChangeCommand ('hu_HU'), 'Mentés', 'gomb', 'lenyomva', 'Alt+', CharacterModeCommand(True), 'e', CharacterModeCommand(False), CancellableSpeech (still valid)]
IO - speech.speech.speak (20:31:42.188) - MainThread (15848):
Speaking [LangChangeCommand ('hu_HU'), 'Mentés másként megerősítése', 'párbeszédpanel', 'nvda.log már létezik.\r\nCserélni kívánja?', CancellableSpeech (still valid)]
IO - speech.speech.speak (20:31:42.190) - MainThread (15848):
Speaking [LangChangeCommand ('hu_HU'), 'Nem', 'gomb', 'Alt+', CharacterModeCommand(True), 'N', CharacterModeCommand(False), CancellableSpeech (still valid)]
IO - speech.speech.speak (20:31:42.242) - MainThread (15848):
Speaking [LangChangeCommand ('hu_HU'), 'Mentés']
IO - speech.speech.speak (20:31:42.289) - MainThread (15848):
Speaking [LangChangeCommand ('hu_HU'), 'Fájl típusa: Minden fájlt (*.*)']
IO - speech.speech.speak (20:31:42.303) - MainThread (15848):
Speaking [LangChangeCommand ('hu_HU'), 'Fájlnév: nvda.log']
IO - speech.speech.speak (20:31:42.321) - MainThread (15848):
Speaking [LangChangeCommand ('hu_HU'), 'Elemek nézete']
IO - speech.speech.speak (20:31:42.704) - MainThread (15848):
Speaking [LangChangeCommand ('hu_HU'), 'Mentés másként megerősítése nvda.log már létezik.\r\nCserélni kívánja?']
IO - speech.speech.speak (20:31:42.730) - MainThread (15848):
Speaking [LangChangeCommand ('hu_HU'), 'Nem']
IO - speech.speech.speak (20:31:42.787) - MainThread (15848):
Speaking [LangChangeCommand ('hu_HU'), 'Mentés másként megerősítése']
IO - speech.speech.speak (20:31:42.805) - MainThread (15848):
Speaking [LangChangeCommand ('hu_HU'), 'Igen']
IO - speech.speech.speak (20:31:42.946) - MainThread (15848):
Speaking [LangChangeCommand ('hu_HU'), 'Igen', 'gomb', 'lenyomva', 'Alt+', CharacterModeCommand(True), 'I', CharacterModeCommand(False), CancellableSpeech (still valid)]
